[2025-09-19 11:10:02] INFO: CALL main
[2025-09-19 11:10:02] INFO: CALL Game.__init__
[2025-09-19 11:10:02] INFO: CALL Player.__init__
[2025-09-19 11:10:02] INFO: RETURN Player.__init__ -> None
[2025-09-19 11:10:02] INFO: CALL AIPlayer.__init__
[2025-09-19 11:10:02] INFO: CALL Player.__init__
[2025-09-19 11:10:02] INFO: RETURN Player.__init__ -> None
[2025-09-19 11:10:02] INFO: RETURN AIPlayer.__init__ -> None
[2025-09-19 11:10:02] INFO: CALL AIPlayer.__init__
[2025-09-19 11:10:02] INFO: CALL Player.__init__
[2025-09-19 11:10:02] INFO: RETURN Player.__init__ -> None
[2025-09-19 11:10:02] INFO: RETURN AIPlayer.__init__ -> None
[2025-09-19 11:10:02] INFO: CALL AIPlayer.__init__
[2025-09-19 11:10:02] INFO: CALL Player.__init__
[2025-09-19 11:10:02] INFO: RETURN Player.__init__ -> None
[2025-09-19 11:10:02] INFO: RETURN AIPlayer.__init__ -> None
[2025-09-19 11:10:02] INFO: CALL Deck.__init__
[2025-09-19 11:10:02] INFO: RETURN Deck.__init__ -> None
[2025-09-19 11:10:02] INFO: RETURN Game.__init__ -> None
[2025-09-19 11:10:02] INFO: CALL Game.baslat
[2025-09-19 11:10:02] INFO: CALL baslat_oyun
[2025-09-19 11:10:02] INFO: CALL Deck.olustur
[2025-09-19 11:10:02] INFO: CALL Tile.__init__
[2025-09-19 11:10:02] INFO: RETURN Tile.__init__ -> None
[2025-09-19 11:10:02] INFO: CALL Tile.__init__
[2025-09-19 11:10:02] INFO: RETURN Tile.__init__ -> None
[2025-09-19 11:10:02] INFO: CALL Tile.__init__
[2025-09-19 11:10:02] INFO: RETURN Tile.__init__ -> None
[2025-09-19 11:10:02] INFO: CALL Tile.__init__
[2025-09-19 11:10:02] INFO: RETURN Tile.__init__ -> None
[2025-09-19 11:10:02] INFO: CALL Tile.__init__
[2025-09-19 11:10:02] INFO: RETURN Tile.__init__ -> None
[2025-09-19 11:10:02] INFO: CALL Tile.__init__
[2025-09-19 11:10:02] INFO: RETURN Tile.__init__ -> None
[2025-09-19 11:10:02] INFO: CALL Tile.__init__
[2025-09-19 11:10:02] INFO: RETURN Tile.__init__ -> None
[2025-09-19 11:10:02] INFO: CALL Tile.__init__
[2025-09-19 11:10:02] INFO: RETURN Tile.__init__ -> None
[2025-09-19 11:10:02] INFO: CALL Tile.__init__
[2025-09-19 11:10:02] INFO: RETURN Tile.__init__ -> None
[2025-09-19 11:10:02] INFO: CALL Tile.__init__
[2025-09-19 11:10:02] INFO: RETURN Tile.__init__ -> None
[2025-09-19 11:10:02] INFO: CALL Tile.__init__
[2025-09-19 11:10:02] INFO: RETURN Tile.__init__ -> None
[2025-09-19 11:10:02] INFO: CALL Tile.__init__
[2025-09-19 11:10:02] INFO: RETURN Tile.__init__ -> None
[2025-09-19 11:10:02] INFO: CALL Tile.__init__
[2025-09-19 11:10:02] INFO: RETURN Tile.__init__ -> None
[2025-09-19 11:10:02] INFO: CALL Tile.__init__
[2025-09-19 11:10:02] INFO: RETURN Tile.__init__ -> None
[2025-09-19 11:10:02] INFO: CALL Tile.__init__
[2025-09-19 11:10:02] INFO: RETURN Tile.__init__ -> None
[2025-09-19 11:10:02] INFO: CALL Tile.__init__
[2025-09-19 11:10:02] INFO: RETURN Tile.__init__ -> None
[2025-09-19 11:10:02] INFO: CALL Tile.__init__
[2025-09-19 11:10:02] INFO: RETURN Tile.__init__ -> None
[2025-09-19 11:10:02] INFO: CALL Tile.__init__
[2025-09-19 11:10:02] INFO: RETURN Tile.__init__ -> None
[2025-09-19 11:10:02] INFO: CALL Tile.__init__
[2025-09-19 11:10:02] INFO: RETURN Tile.__init__ -> None
[2025-09-19 11:10:02] INFO: CALL Tile.__init__
[2025-09-19 11:10:02] INFO: RETURN Tile.__init__ -> None
[2025-09-19 11:10:02] INFO: CALL Tile.__init__
[2025-09-19 11:10:02] INFO: RETURN Tile.__init__ -> None
[2025-09-19 11:10:02] INFO: CALL Tile.__init__
[2025-09-19 11:10:02] INFO: RETURN Tile.__init__ -> None
[2025-09-19 11:10:02] INFO: CALL Tile.__init__
[2025-09-19 11:10:02] INFO: RETURN Tile.__init__ -> None
[2025-09-19 11:10:02] INFO: CALL Tile.__init__
[2025-09-19 11:10:02] INFO: RETURN Tile.__init__ -> None
[2025-09-19 11:10:02] INFO: CALL Tile.__init__
[2025-09-19 11:10:02] INFO: RETURN Tile.__init__ -> None
[2025-09-19 11:10:02] INFO: CALL Tile.__init__
[2025-09-19 11:10:02] INFO: RETURN Tile.__init__ -> None
[2025-09-19 11:10:02] INFO: CALL Tile.__init__
[2025-09-19 11:10:02] INFO: RETURN Tile.__init__ -> None
[2025-09-19 11:10:02] INFO: CALL Tile.__init__
[2025-09-19 11:10:02] INFO: RETURN Tile.__init__ -> None
[2025-09-19 11:10:02] INFO: CALL Tile.__init__
[2025-09-19 11:10:02] INFO: RETURN Tile.__init__ -> None
[2025-09-19 11:10:02] INFO: CALL Tile.__init__
[2025-09-19 11:10:02] INFO: RETURN Tile.__init__ -> None
[2025-09-19 11:10:02] INFO: CALL Tile.__init__
[2025-09-19 11:10:02] INFO: RETURN Tile.__init__ -> None
[2025-09-19 11:10:02] INFO: CALL Tile.__init__
[2025-09-19 11:10:02] INFO: RETURN Tile.__init__ -> None
[2025-09-19 11:10:02] INFO: CALL Tile.__init__
[2025-09-19 11:10:02] INFO: RETURN Tile.__init__ -> None
[2025-09-19 11:10:02] INFO: CALL Tile.__init__
[2025-09-19 11:10:02] INFO: RETURN Tile.__init__ -> None
[2025-09-19 11:10:02] INFO: CALL Tile.__init__
[2025-09-19 11:10:02] INFO: RETURN Tile.__init__ -> None
[2025-09-19 11:10:02] INFO: CALL Tile.__init__
[2025-09-19 11:10:02] INFO: RETURN Tile.__init__ -> None
[2025-09-19 11:10:02] INFO: CALL Tile.__init__
[2025-09-19 11:10:02] INFO: RETURN Tile.__init__ -> None
[2025-09-19 11:10:02] INFO: CALL Tile.__init__
[2025-09-19 11:10:02] INFO: RETURN Tile.__init__ -> None
[2025-09-19 11:10:02] INFO: CALL Tile.__init__
[2025-09-19 11:10:02] INFO: RETURN Tile.__init__ -> None
[2025-09-19 11:10:02] INFO: CALL Tile.__init__
[2025-09-19 11:10:02] INFO: RETURN Tile.__init__ -> None
[2025-09-19 11:10:02] INFO: CALL Tile.__init__
[2025-09-19 11:10:02] INFO: RETURN Tile.__init__ -> None
[2025-09-19 11:10:02] INFO: CALL Tile.__init__
[2025-09-19 11:10:02] INFO: RETURN Tile.__init__ -> None
[2025-09-19 11:10:02] INFO: CALL Tile.__init__
[2025-09-19 11:10:02] INFO: RETURN Tile.__init__ -> None
[2025-09-19 11:10:02] INFO: CALL Tile.__init__
[2025-09-19 11:10:02] INFO: RETURN Tile.__init__ -> None
[2025-09-19 11:10:02] INFO: CALL Tile.__init__
[2025-09-19 11:10:02] INFO: RETURN Tile.__init__ -> None
[2025-09-19 11:10:02] INFO: CALL Tile.__init__
[2025-09-19 11:10:02] INFO: RETURN Tile.__init__ -> None
[2025-09-19 11:10:02] INFO: CALL Tile.__init__
[2025-09-19 11:10:02] INFO: RETURN Tile.__init__ -> None
[2025-09-19 11:10:02] INFO: CALL Tile.__init__
[2025-09-19 11:10:02] INFO: RETURN Tile.__init__ -> None
[2025-09-19 11:10:02] INFO: CALL Tile.__init__
[2025-09-19 11:10:02] INFO: RETURN Tile.__init__ -> None
[2025-09-19 11:10:02] INFO: CALL Tile.__init__
[2025-09-19 11:10:02] INFO: RETURN Tile.__init__ -> None
[2025-09-19 11:10:02] INFO: CALL Tile.__init__
[2025-09-19 11:10:02] INFO: RETURN Tile.__init__ -> None
[2025-09-19 11:10:02] INFO: CALL Tile.__init__
[2025-09-19 11:10:02] INFO: RETURN Tile.__init__ -> None
[2025-09-19 11:10:02] INFO: CALL Tile.__init__
[2025-09-19 11:10:02] INFO: RETURN Tile.__init__ -> None
[2025-09-19 11:10:02] INFO: CALL Tile.__init__
[2025-09-19 11:10:02] INFO: RETURN Tile.__init__ -> None
[2025-09-19 11:10:02] INFO: CALL Tile.__init__
[2025-09-19 11:10:02] INFO: RETURN Tile.__init__ -> None
[2025-09-19 11:10:02] INFO: CALL Tile.__init__
[2025-09-19 11:10:02] INFO: RETURN Tile.__init__ -> None
[2025-09-19 11:10:02] INFO: CALL Tile.__init__
[2025-09-19 11:10:02] INFO: RETURN Tile.__init__ -> None
[2025-09-19 11:10:02] INFO: CALL Tile.__init__
[2025-09-19 11:10:02] INFO: RETURN Tile.__init__ -> None
[2025-09-19 11:10:02] INFO: CALL Tile.__init__
[2025-09-19 11:10:02] INFO: RETURN Tile.__init__ -> None
[2025-09-19 11:10:02] INFO: CALL Tile.__init__
[2025-09-19 11:10:02] INFO: RETURN Tile.__init__ -> None
[2025-09-19 11:10:02] INFO: CALL Tile.__init__
[2025-09-19 11:10:02] INFO: RETURN Tile.__init__ -> None
[2025-09-19 11:10:02] INFO: CALL Tile.__init__
[2025-09-19 11:10:02] INFO: RETURN Tile.__init__ -> None
[2025-09-19 11:10:02] INFO: CALL Tile.__init__
[2025-09-19 11:10:02] INFO: RETURN Tile.__init__ -> None
[2025-09-19 11:10:02] INFO: CALL Tile.__init__
[2025-09-19 11:10:02] INFO: RETURN Tile.__init__ -> None
[2025-09-19 11:10:02] INFO: CALL Tile.__init__
[2025-09-19 11:10:02] INFO: RETURN Tile.__init__ -> None
[2025-09-19 11:10:02] INFO: CALL Tile.__init__
[2025-09-19 11:10:02] INFO: RETURN Tile.__init__ -> None
[2025-09-19 11:10:02] INFO: CALL Tile.__init__
[2025-09-19 11:10:02] INFO: RETURN Tile.__init__ -> None
[2025-09-19 11:10:02] INFO: CALL Tile.__init__
[2025-09-19 11:10:02] INFO: RETURN Tile.__init__ -> None
[2025-09-19 11:10:02] INFO: CALL Tile.__init__
[2025-09-19 11:10:02] INFO: RETURN Tile.__init__ -> None
[2025-09-19 11:10:02] INFO: CALL Tile.__init__
[2025-09-19 11:10:02] INFO: RETURN Tile.__init__ -> None
[2025-09-19 11:10:02] INFO: CALL Tile.__init__
[2025-09-19 11:10:02] INFO: RETURN Tile.__init__ -> None
[2025-09-19 11:10:02] INFO: CALL Tile.__init__
[2025-09-19 11:10:02] INFO: RETURN Tile.__init__ -> None
[2025-09-19 11:10:02] INFO: CALL Tile.__init__
[2025-09-19 11:10:02] INFO: RETURN Tile.__init__ -> None
[2025-09-19 11:10:02] INFO: CALL Tile.__init__
[2025-09-19 11:10:02] INFO: RETURN Tile.__init__ -> None
[2025-09-19 11:10:02] INFO: CALL Tile.__init__
[2025-09-19 11:10:02] INFO: RETURN Tile.__init__ -> None
[2025-09-19 11:10:02] INFO: CALL Tile.__init__
[2025-09-19 11:10:02] INFO: RETURN Tile.__init__ -> None
[2025-09-19 11:10:02] INFO: CALL Tile.__init__
[2025-09-19 11:10:02] INFO: RETURN Tile.__init__ -> None
[2025-09-19 11:10:02] INFO: CALL Tile.__init__
[2025-09-19 11:10:02] INFO: RETURN Tile.__init__ -> None
[2025-09-19 11:10:02] INFO: CALL Tile.__init__
[2025-09-19 11:10:02] INFO: RETURN Tile.__init__ -> None
[2025-09-19 11:10:02] INFO: CALL Tile.__init__
[2025-09-19 11:10:02] INFO: RETURN Tile.__init__ -> None
[2025-09-19 11:10:02] INFO: CALL Tile.__init__
[2025-09-19 11:10:02] INFO: RETURN Tile.__init__ -> None
[2025-09-19 11:10:02] INFO: CALL Tile.__init__
[2025-09-19 11:10:02] INFO: RETURN Tile.__init__ -> None
[2025-09-19 11:10:02] INFO: CALL Tile.__init__
[2025-09-19 11:10:02] INFO: RETURN Tile.__init__ -> None
[2025-09-19 11:10:02] INFO: CALL Tile.__init__
[2025-09-19 11:10:02] INFO: RETURN Tile.__init__ -> None
[2025-09-19 11:10:02] INFO: CALL Tile.__init__
[2025-09-19 11:10:02] INFO: RETURN Tile.__init__ -> None
[2025-09-19 11:10:02] INFO: CALL Tile.__init__
[2025-09-19 11:10:02] INFO: RETURN Tile.__init__ -> None
[2025-09-19 11:10:02] INFO: CALL Tile.__init__
[2025-09-19 11:10:02] INFO: RETURN Tile.__init__ -> None
[2025-09-19 11:10:02] INFO: CALL Tile.__init__
[2025-09-19 11:10:02] INFO: RETURN Tile.__init__ -> None
[2025-09-19 11:10:02] INFO: CALL Tile.__init__
[2025-09-19 11:10:02] INFO: RETURN Tile.__init__ -> None
[2025-09-19 11:10:02] INFO: CALL Tile.__init__
[2025-09-19 11:10:02] INFO: RETURN Tile.__init__ -> None
[2025-09-19 11:10:02] INFO: CALL Tile.__init__
[2025-09-19 11:10:02] INFO: RETURN Tile.__init__ -> None
[2025-09-19 11:10:02] INFO: CALL Tile.__init__
[2025-09-19 11:10:02] INFO: RETURN Tile.__init__ -> None
[2025-09-19 11:10:02] INFO: CALL Tile.__init__
[2025-09-19 11:10:02] INFO: RETURN Tile.__init__ -> None
[2025-09-19 11:10:02] INFO: CALL Tile.__init__
[2025-09-19 11:10:02] INFO: RETURN Tile.__init__ -> None
[2025-09-19 11:10:02] INFO: CALL Tile.__init__
[2025-09-19 11:10:02] INFO: RETURN Tile.__init__ -> None
[2025-09-19 11:10:02] INFO: CALL Tile.__init__
[2025-09-19 11:10:02] INFO: RETURN Tile.__init__ -> None
[2025-09-19 11:10:02] INFO: CALL Tile.__init__
[2025-09-19 11:10:02] INFO: RETURN Tile.__init__ -> None
[2025-09-19 11:10:02] INFO: CALL Tile.__init__
[2025-09-19 11:10:02] INFO: RETURN Tile.__init__ -> None
[2025-09-19 11:10:02] INFO: CALL Tile.__init__
[2025-09-19 11:10:02] INFO: RETURN Tile.__init__ -> None
[2025-09-19 11:10:02] INFO: CALL Tile.__init__
[2025-09-19 11:10:02] INFO: RETURN Tile.__init__ -> None
[2025-09-19 11:10:02] INFO: CALL Tile.__init__
[2025-09-19 11:10:02] INFO: RETURN Tile.__init__ -> None
[2025-09-19 11:10:02] INFO: CALL Tile.__init__
[2025-09-19 11:10:02] INFO: RETURN Tile.__init__ -> None
[2025-09-19 11:10:02] INFO: CALL Tile.__init__
[2025-09-19 11:10:02] INFO: RETURN Tile.__init__ -> None
[2025-09-19 11:10:02] INFO: CALL Tile.__init__
[2025-09-19 11:10:02] INFO: RETURN Tile.__init__ -> None
[2025-09-19 11:10:02] INFO: CALL Tile.__init__
[2025-09-19 11:10:02] INFO: RETURN Tile.__init__ -> None
[2025-09-19 11:10:02] INFO: CALL Tile.__init__
[2025-09-19 11:10:02] INFO: RETURN Tile.__init__ -> None
[2025-09-19 11:10:02] INFO: RETURN Deck.olustur -> None
[2025-09-19 11:10:02] INFO: CALL Deck.karistir
[2025-09-19 11:10:02] INFO: RETURN Deck.karistir -> None
[2025-09-19 11:10:02] INFO: CALL Deck.tas_cek
[2025-09-19 11:10:02] INFO: RETURN Deck.tas_cek -> siyah_9_70
[2025-09-19 11:10:02] INFO: CALL Player.tas_al
[2025-09-19 11:10:02] INFO: CALL Player.el_sirala
[2025-09-19 11:10:02] INFO: RETURN Player.el_sirala -> None
[2025-09-19 11:10:02] INFO: RETURN Player.tas_al -> None
[2025-09-19 11:10:02] INFO: CALL Deck.tas_cek
[2025-09-19 11:10:02] INFO: RETURN Deck.tas_cek -> sari_9_17
[2025-09-19 11:10:02] INFO: CALL Player.tas_al
[2025-09-19 11:10:02] INFO: CALL Player.el_sirala
[2025-09-19 11:10:02] INFO: RETURN Player.el_sirala -> None
[2025-09-19 11:10:02] INFO: RETURN Player.tas_al -> None
[2025-09-19 11:10:02] INFO: CALL Deck.tas_cek
[2025-09-19 11:10:02] INFO: RETURN Deck.tas_cek -> mavi_12_49
[2025-09-19 11:10:02] INFO: CALL Player.tas_al
[2025-09-19 11:10:02] INFO: CALL Player.el_sirala
[2025-09-19 11:10:02] INFO: RETURN Player.el_sirala -> None
[2025-09-19 11:10:02] INFO: RETURN Player.tas_al -> None
[2025-09-19 11:10:02] INFO: CALL Deck.tas_cek
[2025-09-19 11:10:02] INFO: RETURN Deck.tas_cek -> siyah_2_56
[2025-09-19 11:10:02] INFO: CALL Player.tas_al
[2025-09-19 11:10:02] INFO: CALL Player.el_sirala
[2025-09-19 11:10:02] INFO: RETURN Player.el_sirala -> None
[2025-09-19 11:10:02] INFO: RETURN Player.tas_al -> None
[2025-09-19 11:10:02] INFO: CALL Deck.tas_cek
[2025-09-19 11:10:02] INFO: RETURN Deck.tas_cek -> kirmizi_3_83
[2025-09-19 11:10:02] INFO: CALL Player.tas_al
[2025-09-19 11:10:02] INFO: CALL Player.el_sirala
[2025-09-19 11:10:02] INFO: RETURN Player.el_sirala -> None
[2025-09-19 11:10:02] INFO: RETURN Player.tas_al -> None
[2025-09-19 11:10:02] INFO: CALL Deck.tas_cek
[2025-09-19 11:10:02] INFO: RETURN Deck.tas_cek -> kirmizi_9_95
[2025-09-19 11:10:02] INFO: CALL Player.tas_al
[2025-09-19 11:10:02] INFO: CALL Player.el_sirala
[2025-09-19 11:10:02] INFO: RETURN Player.el_sirala -> None
[2025-09-19 11:10:02] INFO: RETURN Player.tas_al -> None
[2025-09-19 11:10:02] INFO: CALL Deck.tas_cek
[2025-09-19 11:10:02] INFO: RETURN Deck.tas_cek -> Joker(106)
[2025-09-19 11:10:02] INFO: CALL Player.tas_al
[2025-09-19 11:10:02] INFO: CALL Player.el_sirala
[2025-09-19 11:10:02] INFO: RETURN Player.el_sirala -> None
[2025-09-19 11:10:02] INFO: RETURN Player.tas_al -> None
[2025-09-19 11:10:02] INFO: CALL Deck.tas_cek
[2025-09-19 11:10:02] INFO: RETURN Deck.tas_cek -> siyah_5_61
[2025-09-19 11:10:02] INFO: CALL Player.tas_al
[2025-09-19 11:10:02] INFO: CALL Player.el_sirala
[2025-09-19 11:10:02] INFO: RETURN Player.el_sirala -> None
[2025-09-19 11:10:02] INFO: RETURN Player.tas_al -> None
[2025-09-19 11:10:02] INFO: CALL Deck.tas_cek
[2025-09-19 11:10:02] INFO: RETURN Deck.tas_cek -> mavi_7_39
[2025-09-19 11:10:02] INFO: CALL Player.tas_al
[2025-09-19 11:10:02] INFO: CALL Player.el_sirala
[2025-09-19 11:10:02] INFO: RETURN Player.el_sirala -> None
[2025-09-19 11:10:02] INFO: RETURN Player.tas_al -> None
[2025-09-19 11:10:02] INFO: CALL Deck.tas_cek
[2025-09-19 11:10:02] INFO: RETURN Deck.tas_cek -> sari_2_4
[2025-09-19 11:10:02] INFO: CALL Player.tas_al
[2025-09-19 11:10:02] INFO: CALL Player.el_sirala
[2025-09-19 11:10:02] INFO: RETURN Player.el_sirala -> None
[2025-09-19 11:10:02] INFO: RETURN Player.tas_al -> None
[2025-09-19 11:10:02] INFO: CALL Deck.tas_cek
[2025-09-19 11:10:02] INFO: RETURN Deck.tas_cek -> sari_7_14
[2025-09-19 11:10:02] INFO: CALL Player.tas_al
[2025-09-19 11:10:02] INFO: CALL Player.el_sirala
[2025-09-19 11:10:02] INFO: RETURN Player.el_sirala -> None
[2025-09-19 11:10:02] INFO: RETURN Player.tas_al -> None
[2025-09-19 11:10:02] INFO: CALL Deck.tas_cek
[2025-09-19 11:10:02] INFO: RETURN Deck.tas_cek -> mavi_10_45
[2025-09-19 11:10:02] INFO: CALL Player.tas_al
[2025-09-19 11:10:02] INFO: CALL Player.el_sirala
[2025-09-19 11:10:02] INFO: RETURN Player.el_sirala -> None
[2025-09-19 11:10:02] INFO: RETURN Player.tas_al -> None
[2025-09-19 11:10:02] INFO: CALL Deck.tas_cek
[2025-09-19 11:10:02] INFO: RETURN Deck.tas_cek -> siyah_6_64
[2025-09-19 11:10:02] INFO: CALL Player.tas_al
[2025-09-19 11:10:02] INFO: CALL Player.el_sirala
[2025-09-19 11:10:02] INFO: RETURN Player.el_sirala -> None
[2025-09-19 11:10:02] INFO: RETURN Player.tas_al -> None
[2025-09-19 11:10:02] INFO: CALL Deck.tas_cek
[2025-09-19 11:10:02] INFO: RETURN Deck.tas_cek -> sari_10_19
[2025-09-19 11:10:02] INFO: CALL Player.tas_al
[2025-09-19 11:10:02] INFO: CALL Player.el_sirala
[2025-09-19 11:10:02] INFO: RETURN Player.el_sirala -> None
[2025-09-19 11:10:02] INFO: RETURN Player.tas_al -> None
[2025-09-19 11:10:02] INFO: CALL Player.el_sirala
[2025-09-19 11:10:02] INFO: RETURN Player.el_sirala -> None
[2025-09-19 11:10:02] INFO: CALL Deck.tas_cek
[2025-09-19 11:10:02] INFO: RETURN Deck.tas_cek -> mavi_2_30
[2025-09-19 11:10:02] INFO: CALL Player.tas_al
[2025-09-19 11:10:02] INFO: CALL Player.el_sirala
[2025-09-19 11:10:02] INFO: RETURN Player.el_sirala -> None
[2025-09-19 11:10:02] INFO: RETURN Player.tas_al -> None
[2025-09-19 11:10:02] INFO: CALL Deck.tas_cek
[2025-09-19 11:10:02] INFO: RETURN Deck.tas_cek -> sari_11_22
[2025-09-19 11:10:02] INFO: CALL Player.tas_al
[2025-09-19 11:10:02] INFO: CALL Player.el_sirala
[2025-09-19 11:10:02] INFO: RETURN Player.el_sirala -> None
[2025-09-19 11:10:02] INFO: RETURN Player.tas_al -> None
[2025-09-19 11:10:02] INFO: CALL Deck.tas_cek
[2025-09-19 11:10:02] INFO: RETURN Deck.tas_cek -> mavi_11_48
[2025-09-19 11:10:02] INFO: CALL Player.tas_al
[2025-09-19 11:10:02] INFO: CALL Player.el_sirala
[2025-09-19 11:10:02] INFO: RETURN Player.el_sirala -> None
[2025-09-19 11:10:02] INFO: RETURN Player.tas_al -> None
[2025-09-19 11:10:02] INFO: CALL Deck.tas_cek
[2025-09-19 11:10:02] INFO: RETURN Deck.tas_cek -> kirmizi_5_87
[2025-09-19 11:10:02] INFO: CALL Player.tas_al
[2025-09-19 11:10:02] INFO: CALL Player.el_sirala
[2025-09-19 11:10:02] INFO: RETURN Player.el_sirala -> None
[2025-09-19 11:10:02] INFO: RETURN Player.tas_al -> None
[2025-09-19 11:10:02] INFO: CALL Deck.tas_cek
[2025-09-19 11:10:02] INFO: RETURN Deck.tas_cek -> sari_13_26
[2025-09-19 11:10:02] INFO: CALL Player.tas_al
[2025-09-19 11:10:02] INFO: CALL Player.el_sirala
[2025-09-19 11:10:02] INFO: RETURN Player.el_sirala -> None
[2025-09-19 11:10:02] INFO: RETURN Player.tas_al -> None
[2025-09-19 11:10:02] INFO: CALL Deck.tas_cek
[2025-09-19 11:10:02] INFO: RETURN Deck.tas_cek -> kirmizi_1_80
[2025-09-19 11:10:02] INFO: CALL Player.tas_al
[2025-09-19 11:10:02] INFO: CALL Player.el_sirala
[2025-09-19 11:10:02] INFO: RETURN Player.el_sirala -> None
[2025-09-19 11:10:02] INFO: RETURN Player.tas_al -> None
[2025-09-19 11:10:02] INFO: CALL Deck.tas_cek
[2025-09-19 11:10:02] INFO: RETURN Deck.tas_cek -> kirmizi_13_103
[2025-09-19 11:10:02] INFO: CALL Player.tas_al
[2025-09-19 11:10:02] INFO: CALL Player.el_sirala
[2025-09-19 11:10:02] INFO: RETURN Player.el_sirala -> None
[2025-09-19 11:10:02] INFO: RETURN Player.tas_al -> None
[2025-09-19 11:10:02] INFO: CALL Deck.tas_cek
[2025-09-19 11:10:02] INFO: RETURN Deck.tas_cek -> kirmizi_9_96
[2025-09-19 11:10:02] INFO: CALL Player.tas_al
[2025-09-19 11:10:02] INFO: CALL Player.el_sirala
[2025-09-19 11:10:02] INFO: RETURN Player.el_sirala -> None
[2025-09-19 11:10:02] INFO: RETURN Player.tas_al -> None
[2025-09-19 11:10:02] INFO: CALL Deck.tas_cek
[2025-09-19 11:10:02] INFO: RETURN Deck.tas_cek -> siyah_1_54
[2025-09-19 11:10:02] INFO: CALL Player.tas_al
[2025-09-19 11:10:02] INFO: CALL Player.el_sirala
[2025-09-19 11:10:02] INFO: RETURN Player.el_sirala -> None
[2025-09-19 11:10:02] INFO: RETURN Player.tas_al -> None
[2025-09-19 11:10:02] INFO: CALL Deck.tas_cek
[2025-09-19 11:10:02] INFO: RETURN Deck.tas_cek -> siyah_12_76
[2025-09-19 11:10:02] INFO: CALL Player.tas_al
[2025-09-19 11:10:02] INFO: CALL Player.el_sirala
[2025-09-19 11:10:02] INFO: RETURN Player.el_sirala -> None
[2025-09-19 11:10:02] INFO: RETURN Player.tas_al -> None
[2025-09-19 11:10:02] INFO: CALL Deck.tas_cek
[2025-09-19 11:10:02] INFO: RETURN Deck.tas_cek -> siyah_4_60
[2025-09-19 11:10:02] INFO: CALL Player.tas_al
[2025-09-19 11:10:02] INFO: CALL Player.el_sirala
[2025-09-19 11:10:02] INFO: RETURN Player.el_sirala -> None
[2025-09-19 11:10:02] INFO: RETURN Player.tas_al -> None
[2025-09-19 11:10:02] INFO: CALL Deck.tas_cek
[2025-09-19 11:10:02] INFO: RETURN Deck.tas_cek -> sari_11_21
[2025-09-19 11:10:02] INFO: CALL Player.tas_al
[2025-09-19 11:10:02] INFO: CALL Player.el_sirala
[2025-09-19 11:10:02] INFO: RETURN Player.el_sirala -> None
[2025-09-19 11:10:02] INFO: RETURN Player.tas_al -> None
[2025-09-19 11:10:02] INFO: CALL Deck.tas_cek
[2025-09-19 11:10:02] INFO: RETURN Deck.tas_cek -> sari_7_13
[2025-09-19 11:10:02] INFO: CALL Player.tas_al
[2025-09-19 11:10:02] INFO: CALL Player.el_sirala
[2025-09-19 11:10:02] INFO: RETURN Player.el_sirala -> None
[2025-09-19 11:10:02] INFO: RETURN Player.tas_al -> None
[2025-09-19 11:10:02] INFO: CALL Player.el_sirala
[2025-09-19 11:10:02] INFO: RETURN Player.el_sirala -> None
[2025-09-19 11:10:02] INFO: CALL Deck.tas_cek
[2025-09-19 11:10:02] INFO: RETURN Deck.tas_cek -> mavi_4_34
[2025-09-19 11:10:02] INFO: CALL Player.tas_al
[2025-09-19 11:10:02] INFO: CALL Player.el_sirala
[2025-09-19 11:10:02] INFO: RETURN Player.el_sirala -> None
[2025-09-19 11:10:02] INFO: RETURN Player.tas_al -> None
[2025-09-19 11:10:02] INFO: CALL Deck.tas_cek
[2025-09-19 11:10:02] INFO: RETURN Deck.tas_cek -> kirmizi_10_97
[2025-09-19 11:10:02] INFO: CALL Player.tas_al
[2025-09-19 11:10:02] INFO: CALL Player.el_sirala
[2025-09-19 11:10:02] INFO: RETURN Player.el_sirala -> None
[2025-09-19 11:10:02] INFO: RETURN Player.tas_al -> None
[2025-09-19 11:10:02] INFO: CALL Deck.tas_cek
[2025-09-19 11:10:02] INFO: RETURN Deck.tas_cek -> mavi_5_36
[2025-09-19 11:10:02] INFO: CALL Player.tas_al
[2025-09-19 11:10:02] INFO: CALL Player.el_sirala
[2025-09-19 11:10:02] INFO: RETURN Player.el_sirala -> None
[2025-09-19 11:10:02] INFO: RETURN Player.tas_al -> None
[2025-09-19 11:10:02] INFO: CALL Deck.tas_cek
[2025-09-19 11:10:02] INFO: RETURN Deck.tas_cek -> kirmizi_11_100
[2025-09-19 11:10:02] INFO: CALL Player.tas_al
[2025-09-19 11:10:02] INFO: CALL Player.el_sirala
[2025-09-19 11:10:02] INFO: RETURN Player.el_sirala -> None
[2025-09-19 11:10:02] INFO: RETURN Player.tas_al -> None
[2025-09-19 11:10:02] INFO: CALL Deck.tas_cek
[2025-09-19 11:10:02] INFO: RETURN Deck.tas_cek -> kirmizi_11_99
[2025-09-19 11:10:02] INFO: CALL Player.tas_al
[2025-09-19 11:10:02] INFO: CALL Player.el_sirala
[2025-09-19 11:10:02] INFO: RETURN Player.el_sirala -> None
[2025-09-19 11:10:02] INFO: RETURN Player.tas_al -> None
[2025-09-19 11:10:02] INFO: CALL Deck.tas_cek
[2025-09-19 11:10:02] INFO: RETURN Deck.tas_cek -> sari_5_9
[2025-09-19 11:10:02] INFO: CALL Player.tas_al
[2025-09-19 11:10:02] INFO: CALL Player.el_sirala
[2025-09-19 11:10:02] INFO: RETURN Player.el_sirala -> None
[2025-09-19 11:10:02] INFO: RETURN Player.tas_al -> None
[2025-09-19 11:10:02] INFO: CALL Deck.tas_cek
[2025-09-19 11:10:02] INFO: RETURN Deck.tas_cek -> kirmizi_10_98
[2025-09-19 11:10:02] INFO: CALL Player.tas_al
[2025-09-19 11:10:02] INFO: CALL Player.el_sirala
[2025-09-19 11:10:02] INFO: RETURN Player.el_sirala -> None
[2025-09-19 11:10:02] INFO: RETURN Player.tas_al -> None
[2025-09-19 11:10:02] INFO: CALL Deck.tas_cek
[2025-09-19 11:10:02] INFO: RETURN Deck.tas_cek -> kirmizi_1_79
[2025-09-19 11:10:02] INFO: CALL Player.tas_al
[2025-09-19 11:10:02] INFO: CALL Player.el_sirala
[2025-09-19 11:10:02] INFO: RETURN Player.el_sirala -> None
[2025-09-19 11:10:02] INFO: RETURN Player.tas_al -> None
[2025-09-19 11:10:02] INFO: CALL Deck.tas_cek
[2025-09-19 11:10:02] INFO: RETURN Deck.tas_cek -> sari_3_6
[2025-09-19 11:10:02] INFO: CALL Player.tas_al
[2025-09-19 11:10:02] INFO: CALL Player.el_sirala
[2025-09-19 11:10:02] INFO: RETURN Player.el_sirala -> None
[2025-09-19 11:10:02] INFO: RETURN Player.tas_al -> None
[2025-09-19 11:10:02] INFO: CALL Deck.tas_cek
[2025-09-19 11:10:02] INFO: RETURN Deck.tas_cek -> kirmizi_6_90
[2025-09-19 11:10:02] INFO: CALL Player.tas_al
[2025-09-19 11:10:02] INFO: CALL Player.el_sirala
[2025-09-19 11:10:02] INFO: RETURN Player.el_sirala -> None
[2025-09-19 11:10:02] INFO: RETURN Player.tas_al -> None
[2025-09-19 11:10:02] INFO: CALL Deck.tas_cek
[2025-09-19 11:10:02] INFO: RETURN Deck.tas_cek -> mavi_1_27
[2025-09-19 11:10:02] INFO: CALL Player.tas_al
[2025-09-19 11:10:02] INFO: CALL Player.el_sirala
[2025-09-19 11:10:02] INFO: RETURN Player.el_sirala -> None
[2025-09-19 11:10:02] INFO: RETURN Player.tas_al -> None
[2025-09-19 11:10:02] INFO: CALL Deck.tas_cek
[2025-09-19 11:10:02] INFO: RETURN Deck.tas_cek -> sari_4_8
[2025-09-19 11:10:02] INFO: CALL Player.tas_al
[2025-09-19 11:10:02] INFO: CALL Player.el_sirala
[2025-09-19 11:10:02] INFO: RETURN Player.el_sirala -> None
[2025-09-19 11:10:02] INFO: RETURN Player.tas_al -> None
[2025-09-19 11:10:02] INFO: CALL Deck.tas_cek
[2025-09-19 11:10:02] INFO: RETURN Deck.tas_cek -> mavi_8_41
[2025-09-19 11:10:02] INFO: CALL Player.tas_al
[2025-09-19 11:10:02] INFO: CALL Player.el_sirala
[2025-09-19 11:10:02] INFO: RETURN Player.el_sirala -> None
[2025-09-19 11:10:02] INFO: RETURN Player.tas_al -> None
[2025-09-19 11:10:02] INFO: CALL Player.el_sirala
[2025-09-19 11:10:02] INFO: RETURN Player.el_sirala -> None
[2025-09-19 11:10:02] INFO: CALL Deck.tas_cek
[2025-09-19 11:10:02] INFO: RETURN Deck.tas_cek -> siyah_10_72
[2025-09-19 11:10:02] INFO: CALL Player.tas_al
[2025-09-19 11:10:02] INFO: CALL Player.el_sirala
[2025-09-19 11:10:02] INFO: RETURN Player.el_sirala -> None
[2025-09-19 11:10:02] INFO: RETURN Player.tas_al -> None
[2025-09-19 11:10:02] INFO: CALL Deck.tas_cek
[2025-09-19 11:10:02] INFO: RETURN Deck.tas_cek -> kirmizi_3_84
[2025-09-19 11:10:02] INFO: CALL Player.tas_al
[2025-09-19 11:10:02] INFO: CALL Player.el_sirala
[2025-09-19 11:10:02] INFO: RETURN Player.el_sirala -> None
[2025-09-19 11:10:02] INFO: RETURN Player.tas_al -> None
[2025-09-19 11:10:02] INFO: CALL Deck.tas_cek
[2025-09-19 11:10:02] INFO: RETURN Deck.tas_cek -> Joker(105)
[2025-09-19 11:10:02] INFO: CALL Player.tas_al
[2025-09-19 11:10:02] INFO: CALL Player.el_sirala
[2025-09-19 11:10:02] INFO: RETURN Player.el_sirala -> None
[2025-09-19 11:10:02] INFO: RETURN Player.tas_al -> None
[2025-09-19 11:10:02] INFO: CALL Deck.tas_cek
[2025-09-19 11:10:02] INFO: RETURN Deck.tas_cek -> kirmizi_2_81
[2025-09-19 11:10:02] INFO: CALL Player.tas_al
[2025-09-19 11:10:02] INFO: CALL Player.el_sirala
[2025-09-19 11:10:02] INFO: RETURN Player.el_sirala -> None
[2025-09-19 11:10:02] INFO: RETURN Player.tas_al -> None
[2025-09-19 11:10:02] INFO: CALL Deck.tas_cek
[2025-09-19 11:10:02] INFO: RETURN Deck.tas_cek -> sari_13_25
[2025-09-19 11:10:02] INFO: CALL Player.tas_al
[2025-09-19 11:10:02] INFO: CALL Player.el_sirala
[2025-09-19 11:10:02] INFO: RETURN Player.el_sirala -> None
[2025-09-19 11:10:02] INFO: RETURN Player.tas_al -> None
[2025-09-19 11:10:02] INFO: CALL Deck.tas_cek
[2025-09-19 11:10:02] INFO: RETURN Deck.tas_cek -> mavi_1_28
[2025-09-19 11:10:02] INFO: CALL Player.tas_al
[2025-09-19 11:10:02] INFO: CALL Player.el_sirala
[2025-09-19 11:10:02] INFO: RETURN Player.el_sirala -> None
[2025-09-19 11:10:02] INFO: RETURN Player.tas_al -> None
[2025-09-19 11:10:02] INFO: CALL Deck.tas_cek
[2025-09-19 11:10:02] INFO: RETURN Deck.tas_cek -> mavi_3_31
[2025-09-19 11:10:02] INFO: CALL Player.tas_al
[2025-09-19 11:10:02] INFO: CALL Player.el_sirala
[2025-09-19 11:10:02] INFO: RETURN Player.el_sirala -> None
[2025-09-19 11:10:02] INFO: RETURN Player.tas_al -> None
[2025-09-19 11:10:02] INFO: CALL Deck.tas_cek
[2025-09-19 11:10:02] INFO: RETURN Deck.tas_cek -> mavi_2_29
[2025-09-19 11:10:02] INFO: CALL Player.tas_al
[2025-09-19 11:10:02] INFO: CALL Player.el_sirala
[2025-09-19 11:10:02] INFO: RETURN Player.el_sirala -> None
[2025-09-19 11:10:02] INFO: RETURN Player.tas_al -> None
[2025-09-19 11:10:02] INFO: CALL Deck.tas_cek
[2025-09-19 11:10:02] INFO: RETURN Deck.tas_cek -> siyah_3_57
[2025-09-19 11:10:02] INFO: CALL Player.tas_al
[2025-09-19 11:10:02] INFO: CALL Player.el_sirala
[2025-09-19 11:10:02] INFO: RETURN Player.el_sirala -> None
[2025-09-19 11:10:02] INFO: RETURN Player.tas_al -> None
[2025-09-19 11:10:02] INFO: CALL Deck.tas_cek
[2025-09-19 11:10:02] INFO: RETURN Deck.tas_cek -> mavi_7_40
[2025-09-19 11:10:02] INFO: CALL Player.tas_al
[2025-09-19 11:10:02] INFO: CALL Player.el_sirala
[2025-09-19 11:10:02] INFO: RETURN Player.el_sirala -> None
[2025-09-19 11:10:02] INFO: RETURN Player.tas_al -> None
[2025-09-19 11:10:02] INFO: CALL Deck.tas_cek
[2025-09-19 11:10:02] INFO: RETURN Deck.tas_cek -> mavi_4_33
[2025-09-19 11:10:02] INFO: CALL Player.tas_al
[2025-09-19 11:10:02] INFO: CALL Player.el_sirala
[2025-09-19 11:10:02] INFO: RETURN Player.el_sirala -> None
[2025-09-19 11:10:02] INFO: RETURN Player.tas_al -> None
[2025-09-19 11:10:02] INFO: CALL Deck.tas_cek
[2025-09-19 11:10:02] INFO: RETURN Deck.tas_cek -> siyah_9_69
[2025-09-19 11:10:02] INFO: CALL Player.tas_al
[2025-09-19 11:10:02] INFO: CALL Player.el_sirala
[2025-09-19 11:10:02] INFO: RETURN Player.el_sirala -> None
[2025-09-19 11:10:02] INFO: RETURN Player.tas_al -> None
[2025-09-19 11:10:02] INFO: CALL Deck.tas_cek
[2025-09-19 11:10:02] INFO: RETURN Deck.tas_cek -> mavi_5_35
[2025-09-19 11:10:02] INFO: CALL Player.tas_al
[2025-09-19 11:10:02] INFO: CALL Player.el_sirala
[2025-09-19 11:10:02] INFO: RETURN Player.el_sirala -> None
[2025-09-19 11:10:02] INFO: RETURN Player.tas_al -> None
[2025-09-19 11:10:02] INFO: CALL Player.el_sirala
[2025-09-19 11:10:02] INFO: RETURN Player.el_sirala -> None
[2025-09-19 11:10:02] INFO: RETURN baslat_oyun -> None
[2025-09-19 11:10:02] INFO: RETURN Game.baslat -> None
[2025-09-19 11:10:02] INFO: CALL Arayuz.__init__
[2025-09-19 11:10:02] INFO: CALL Visuals.__init__
[2025-09-19 11:10:02] INFO: RETURN Visuals.__init__ -> None
[2025-09-19 11:10:02] INFO: CALL Visuals.yukle
[2025-09-19 11:10:02] INFO: RETURN Visuals.yukle -> None
[2025-09-19 11:10:02] INFO: CALL StatusBar.__init__
[2025-09-19 11:10:02] INFO: RETURN StatusBar.__init__ -> None
[2025-09-19 11:10:02] INFO: CALL ButtonManager.__init__
[2025-09-19 11:10:02] INFO: RETURN ButtonManager.__init__ -> None
[2025-09-19 11:10:02] INFO: CALL Arayuz._layout_olustur
[2025-09-19 11:10:02] INFO: CALL StatusBar.ekle_status_label
[2025-09-19 11:10:02] INFO: RETURN StatusBar.ekle_status_label -> None
[2025-09-19 11:10:02] INFO: CALL Arayuz._oyuncu_alani_olustur
[2025-09-19 11:10:02] INFO: RETURN Arayuz._oyuncu_alani_olustur -> .!frame.!labelframe
[2025-09-19 11:10:02] INFO: CALL Arayuz._oyuncu_alani_olustur
[2025-09-19 11:10:02] INFO: RETURN Arayuz._oyuncu_alani_olustur -> .!frame.!labelframe2
[2025-09-19 11:10:02] INFO: CALL Arayuz._oyuncu_alani_olustur
[2025-09-19 11:10:02] INFO: RETURN Arayuz._oyuncu_alani_olustur -> .!frame.!labelframe3
[2025-09-19 11:10:02] INFO: CALL Arayuz._oyuncu_alani_olustur
[2025-09-19 11:10:02] INFO: RETURN Arayuz._oyuncu_alani_olustur -> .!frame.!labelframe4
[2025-09-19 11:10:02] INFO: RETURN Arayuz._layout_olustur -> None
[2025-09-19 11:10:02] INFO: CALL StatusBar.guncelle
[2025-09-19 11:10:02] INFO: RETURN StatusBar.guncelle -> None
[2025-09-19 11:10:02] INFO: RETURN Arayuz.__init__ -> None
[2025-09-19 11:10:02] INFO: CALL Arayuz.baslat
[2025-09-19 11:10:07] INFO: CALL Arayuz.tas_sec
[2025-09-19 11:10:07] INFO: CALL StatusBar.guncelle
[2025-09-19 11:10:07] INFO: RETURN StatusBar.guncelle -> None
[2025-09-19 11:10:07] INFO: RETURN Arayuz.tas_sec -> None
[2025-09-19 11:10:10] INFO: CALL Arayuz.tas_sec
[2025-09-19 11:10:10] INFO: CALL StatusBar.guncelle
[2025-09-19 11:10:10] INFO: RETURN StatusBar.guncelle -> None
[2025-09-19 11:10:10] INFO: RETURN Arayuz.tas_sec -> None
[2025-09-19 11:10:10] INFO: CALL Arayuz.tas_sec
[2025-09-19 11:10:10] INFO: CALL StatusBar.guncelle
[2025-09-19 11:10:10] INFO: RETURN StatusBar.guncelle -> None
[2025-09-19 11:10:10] INFO: RETURN Arayuz.tas_sec -> None
[2025-09-19 11:10:12] INFO: CALL ButtonManager.tas_at
[2025-09-19 11:10:12] INFO: CALL Game.tas_at
[2025-09-19 11:10:12] INFO: CALL TurnManager.tas_at
[2025-09-19 11:10:12] INFO: CALL Player.tas_at
[2025-09-19 11:10:12] INFO: CALL Player.el_sirala
[2025-09-19 11:10:12] INFO: RETURN Player.el_sirala -> None
[2025-09-19 11:10:12] INFO: RETURN Player.tas_at -> kirmizi_3_83
[2025-09-19 11:10:12] INFO: CALL AtilanTasDegerlendirici.__init__
[2025-09-19 11:10:12] INFO: RETURN AtilanTasDegerlendirici.__init__ -> None
[2025-09-19 11:10:12] INFO: RETURN TurnManager.tas_at -> True
[2025-09-19 11:10:12] INFO: RETURN Game.tas_at -> True
[2025-09-19 11:10:12] INFO: CALL StatusBar.guncelle
[2025-09-19 11:10:12] INFO: RETURN StatusBar.guncelle -> None
[2025-09-19 11:10:12] INFO: RETURN ButtonManager.tas_at -> None
[2025-09-19 11:10:12] INFO: AI 1 atılan taşı değerlendiriyor.
[2025-09-19 11:10:12] INFO: CALL AIPlayer.atilan_tasi_degerlendir
[2025-09-19 11:10:12] INFO: CALL eli_analiz_et
[2025-09-19 11:10:12] INFO: RETURN eli_analiz_et -> {'ciftler': [[sari_11_22, sari_11_21]], 'uc_taslilar': [], 'dort_taslilar': [], 'seriler': [], 'ikili_potansiyeller': {'seri': [(sari_11_22, sari_11_21), (sari_11_21, sari_13_26), (kirmizi_1_80, kirmizi_3_83), (kirmizi_3_83, kirmizi_5_87)], 'kut': [(sari_13_26, kirmizi_13_103), (siyah_1_54, kirmizi_1_80)]}}
[2025-09-19 11:10:12] INFO: AI AI Oyuncu 2 potansiyel per oluşturmak için atılan taşı alıyor: kirmizi_3
[2025-09-19 11:10:12] INFO: RETURN AIPlayer.atilan_tasi_degerlendir -> True
[2025-09-19 11:10:12] INFO: CALL Game.atilan_tasi_al
[2025-09-19 11:10:12] INFO: CALL TurnManager.atilan_tasi_al
[2025-09-19 11:10:12] INFO: CALL Player.tas_al
[2025-09-19 11:10:12] INFO: CALL Player.el_sirala
[2025-09-19 11:10:12] INFO: RETURN Player.el_sirala -> None
[2025-09-19 11:10:12] INFO: RETURN Player.tas_al -> None
[2025-09-19 11:10:12] INFO: CALL AtilanTasDegerlendirici.asilin_sirasi
[2025-09-19 11:10:12] INFO: RETURN AtilanTasDegerlendirici.asilin_sirasi -> 1
[2025-09-19 11:10:12] INFO: CALL Game._sira_ilerlet
[2025-09-19 11:10:12] INFO: RETURN Game._sira_ilerlet -> None
[2025-09-19 11:10:12] INFO: CALL Player.el_sirala
[2025-09-19 11:10:12] INFO: RETURN Player.el_sirala -> None
[2025-09-19 11:10:12] INFO: RETURN TurnManager.atilan_tasi_al -> None
[2025-09-19 11:10:12] INFO: RETURN Game.atilan_tasi_al -> None
[2025-09-19 11:10:12] INFO: CALL StatusBar.guncelle
[2025-09-19 11:10:12] INFO: RETURN StatusBar.guncelle -> None
[2025-09-19 11:10:12] INFO: Sıra AI 1'de. Durum: NORMAL_TAS_ATMA
[2025-09-19 11:10:12] INFO: CALL AIPlayer.ai_el_ac_dene
[2025-09-19 11:10:12] INFO: CALL en_iyi_per_bul
[2025-09-19 11:10:12] INFO: CALL seri_mu
[2025-09-19 11:10:12] INFO: RETURN seri_mu -> False
[2025-09-19 11:10:12] INFO: CALL seri_mu
[2025-09-19 11:10:12] INFO: RETURN seri_mu -> False
[2025-09-19 11:10:12] INFO: CALL seri_mu
[2025-09-19 11:10:12] INFO: RETURN seri_mu -> False
[2025-09-19 11:10:12] INFO: CALL seri_mu
[2025-09-19 11:10:12] INFO: RETURN seri_mu -> False
[2025-09-19 11:10:12] INFO: CALL seri_mu
[2025-09-19 11:10:12] INFO: RETURN seri_mu -> False
[2025-09-19 11:10:12] INFO: CALL seri_mu
[2025-09-19 11:10:12] INFO: RETURN seri_mu -> False
[2025-09-19 11:10:12] INFO: CALL seri_mu
[2025-09-19 11:10:12] INFO: RETURN seri_mu -> False
[2025-09-19 11:10:12] INFO: CALL seri_mu
[2025-09-19 11:10:12] INFO: RETURN seri_mu -> False
[2025-09-19 11:10:12] INFO: CALL seri_mu
[2025-09-19 11:10:12] INFO: RETURN seri_mu -> False
[2025-09-19 11:10:12] INFO: CALL seri_mu
[2025-09-19 11:10:12] INFO: RETURN seri_mu -> False
[2025-09-19 11:10:12] INFO: CALL seri_mu
[2025-09-19 11:10:12] INFO: RETURN seri_mu -> False
[2025-09-19 11:10:12] INFO: CALL seri_mu
[2025-09-19 11:10:12] INFO: RETURN seri_mu -> False
[2025-09-19 11:10:12] INFO: CALL seri_mu
[2025-09-19 11:10:12] INFO: RETURN seri_mu -> False
[2025-09-19 11:10:12] INFO: CALL seri_mu
[2025-09-19 11:10:12] INFO: RETURN seri_mu -> False
[2025-09-19 11:10:12] INFO: CALL seri_mu
[2025-09-19 11:10:12] INFO: RETURN seri_mu -> False
[2025-09-19 11:10:12] INFO: CALL seri_mu
[2025-09-19 11:10:12] INFO: RETURN seri_mu -> False
[2025-09-19 11:10:12] INFO: CALL seri_mu
[2025-09-19 11:10:12] INFO: RETURN seri_mu -> False
[2025-09-19 11:10:12] INFO: CALL seri_mu
[2025-09-19 11:10:12] INFO: RETURN seri_mu -> False
[2025-09-19 11:10:12] INFO: CALL seri_mu
[2025-09-19 11:10:12] INFO: RETURN seri_mu -> False
[2025-09-19 11:10:12] INFO: CALL seri_mu
[2025-09-19 11:10:12] INFO: RETURN seri_mu -> False
[2025-09-19 11:10:12] INFO: CALL seri_mu
[2025-09-19 11:10:12] INFO: RETURN seri_mu -> False
[2025-09-19 11:10:12] INFO: CALL seri_mu
[2025-09-19 11:10:12] INFO: RETURN seri_mu -> False
[2025-09-19 11:10:12] INFO: CALL seri_mu
[2025-09-19 11:10:12] INFO: RETURN seri_mu -> False
[2025-09-19 11:10:12] INFO: CALL seri_mu
[2025-09-19 11:10:12] INFO: RETURN seri_mu -> False
[2025-09-19 11:10:12] INFO: CALL seri_mu
[2025-09-19 11:10:12] INFO: RETURN seri_mu -> False
[2025-09-19 11:10:12] INFO: CALL seri_mu
[2025-09-19 11:10:12] INFO: RETURN seri_mu -> False
[2025-09-19 11:10:12] INFO: CALL seri_mu
[2025-09-19 11:10:12] INFO: RETURN seri_mu -> False
[2025-09-19 11:10:12] INFO: CALL seri_mu
[2025-09-19 11:10:12] INFO: RETURN seri_mu -> False
[2025-09-19 11:10:12] INFO: CALL seri_mu
[2025-09-19 11:10:12] INFO: RETURN seri_mu -> False
[2025-09-19 11:10:12] INFO: CALL seri_mu
[2025-09-19 11:10:12] INFO: RETURN seri_mu -> False
[2025-09-19 11:10:12] INFO: CALL seri_mu
[2025-09-19 11:10:12] INFO: RETURN seri_mu -> False
[2025-09-19 11:10:12] INFO: CALL seri_mu
[2025-09-19 11:10:12] INFO: RETURN seri_mu -> False
[2025-09-19 11:10:12] INFO: CALL seri_mu
[2025-09-19 11:10:12] INFO: RETURN seri_mu -> False
[2025-09-19 11:10:12] INFO: CALL seri_mu
[2025-09-19 11:10:12] INFO: RETURN seri_mu -> False
[2025-09-19 11:10:12] INFO: CALL seri_mu
[2025-09-19 11:10:12] INFO: RETURN seri_mu -> False
[2025-09-19 11:10:12] INFO: CALL seri_mu
[2025-09-19 11:10:12] INFO: RETURN seri_mu -> False
[2025-09-19 11:10:12] INFO: CALL seri_mu
[2025-09-19 11:10:12] INFO: RETURN seri_mu -> False
[2025-09-19 11:10:12] INFO: CALL seri_mu
[2025-09-19 11:10:12] INFO: RETURN seri_mu -> False
[2025-09-19 11:10:12] INFO: CALL seri_mu
[2025-09-19 11:10:12] INFO: RETURN seri_mu -> False
[2025-09-19 11:10:12] INFO: CALL seri_mu
[2025-09-19 11:10:12] INFO: RETURN seri_mu -> False
[2025-09-19 11:10:12] INFO: CALL seri_mu
[2025-09-19 11:10:12] INFO: RETURN seri_mu -> False
[2025-09-19 11:10:12] INFO: CALL seri_mu
[2025-09-19 11:10:12] INFO: RETURN seri_mu -> False
[2025-09-19 11:10:12] INFO: CALL seri_mu
[2025-09-19 11:10:12] INFO: RETURN seri_mu -> False
[2025-09-19 11:10:12] INFO: CALL seri_mu
[2025-09-19 11:10:12] INFO: RETURN seri_mu -> False
[2025-09-19 11:10:12] INFO: CALL seri_mu
[2025-09-19 11:10:12] INFO: RETURN seri_mu -> False
[2025-09-19 11:10:12] INFO: CALL seri_mu
[2025-09-19 11:10:12] INFO: RETURN seri_mu -> False
[2025-09-19 11:10:12] INFO: CALL seri_mu
[2025-09-19 11:10:12] INFO: RETURN seri_mu -> False
[2025-09-19 11:10:12] INFO: CALL seri_mu
[2025-09-19 11:10:12] INFO: RETURN seri_mu -> False
[2025-09-19 11:10:12] INFO: CALL seri_mu
[2025-09-19 11:10:12] INFO: RETURN seri_mu -> False
[2025-09-19 11:10:12] INFO: CALL seri_mu
[2025-09-19 11:10:12] INFO: RETURN seri_mu -> False
[2025-09-19 11:10:12] INFO: CALL seri_mu
[2025-09-19 11:10:12] INFO: RETURN seri_mu -> False
[2025-09-19 11:10:12] INFO: CALL seri_mu
[2025-09-19 11:10:12] INFO: RETURN seri_mu -> False
[2025-09-19 11:10:12] INFO: CALL seri_mu
[2025-09-19 11:10:12] INFO: RETURN seri_mu -> False
[2025-09-19 11:10:12] INFO: CALL seri_mu
[2025-09-19 11:10:12] INFO: RETURN seri_mu -> False
[2025-09-19 11:10:12] INFO: CALL seri_mu
[2025-09-19 11:10:12] INFO: RETURN seri_mu -> False
[2025-09-19 11:10:12] INFO: CALL seri_mu
[2025-09-19 11:10:12] INFO: RETURN seri_mu -> False
[2025-09-19 11:10:12] INFO: CALL seri_mu
[2025-09-19 11:10:12] INFO: RETURN seri_mu -> False
[2025-09-19 11:10:12] INFO: CALL seri_mu
[2025-09-19 11:10:12] INFO: RETURN seri_mu -> False
[2025-09-19 11:10:12] INFO: CALL seri_mu
[2025-09-19 11:10:12] INFO: RETURN seri_mu -> False
[2025-09-19 11:10:12] INFO: CALL seri_mu
[2025-09-19 11:10:12] INFO: RETURN seri_mu -> False
[2025-09-19 11:10:12] INFO: CALL seri_mu
[2025-09-19 11:10:12] INFO: RETURN seri_mu -> False
[2025-09-19 11:10:12] INFO: CALL seri_mu
[2025-09-19 11:10:12] INFO: RETURN seri_mu -> False
[2025-09-19 11:10:12] INFO: CALL seri_mu
[2025-09-19 11:10:12] INFO: RETURN seri_mu -> False
[2025-09-19 11:10:12] INFO: CALL seri_mu
[2025-09-19 11:10:12] INFO: RETURN seri_mu -> False
[2025-09-19 11:10:12] INFO: CALL seri_mu
[2025-09-19 11:10:12] INFO: RETURN seri_mu -> False
[2025-09-19 11:10:12] INFO: CALL seri_mu
[2025-09-19 11:10:12] INFO: RETURN seri_mu -> False
[2025-09-19 11:10:12] INFO: CALL seri_mu
[2025-09-19 11:10:12] INFO: RETURN seri_mu -> False
[2025-09-19 11:10:12] INFO: CALL seri_mu
[2025-09-19 11:10:12] INFO: RETURN seri_mu -> False
[2025-09-19 11:10:12] INFO: CALL seri_mu
[2025-09-19 11:10:12] INFO: RETURN seri_mu -> False
[2025-09-19 11:10:12] INFO: CALL seri_mu
[2025-09-19 11:10:12] INFO: RETURN seri_mu -> False
[2025-09-19 11:10:12] INFO: CALL seri_mu
[2025-09-19 11:10:12] INFO: RETURN seri_mu -> False
[2025-09-19 11:10:12] INFO: CALL seri_mu
[2025-09-19 11:10:12] INFO: RETURN seri_mu -> False
[2025-09-19 11:10:12] INFO: CALL seri_mu
[2025-09-19 11:10:12] INFO: RETURN seri_mu -> False
[2025-09-19 11:10:12] INFO: CALL seri_mu
[2025-09-19 11:10:12] INFO: RETURN seri_mu -> False
[2025-09-19 11:10:12] INFO: CALL seri_mu
[2025-09-19 11:10:12] INFO: RETURN seri_mu -> False
[2025-09-19 11:10:12] INFO: CALL seri_mu
[2025-09-19 11:10:12] INFO: RETURN seri_mu -> False
[2025-09-19 11:10:12] INFO: CALL seri_mu
[2025-09-19 11:10:12] INFO: RETURN seri_mu -> False
[2025-09-19 11:10:12] INFO: CALL seri_mu
[2025-09-19 11:10:12] INFO: RETURN seri_mu -> False
[2025-09-19 11:10:12] INFO: CALL seri_mu
[2025-09-19 11:10:12] INFO: RETURN seri_mu -> False
[2025-09-19 11:10:12] INFO: CALL seri_mu
[2025-09-19 11:10:12] INFO: RETURN seri_mu -> False
[2025-09-19 11:10:12] INFO: CALL seri_mu
[2025-09-19 11:10:12] INFO: RETURN seri_mu -> False
[2025-09-19 11:10:12] INFO: CALL seri_mu
[2025-09-19 11:10:12] INFO: RETURN seri_mu -> False
[2025-09-19 11:10:12] INFO: CALL seri_mu
[2025-09-19 11:10:12] INFO: RETURN seri_mu -> False
[2025-09-19 11:10:12] INFO: CALL seri_mu
[2025-09-19 11:10:12] INFO: RETURN seri_mu -> False
[2025-09-19 11:10:12] INFO: CALL seri_mu
[2025-09-19 11:10:12] INFO: RETURN seri_mu -> False
[2025-09-19 11:10:12] INFO: CALL seri_mu
[2025-09-19 11:10:12] INFO: RETURN seri_mu -> False
[2025-09-19 11:10:12] INFO: CALL seri_mu
[2025-09-19 11:10:12] INFO: RETURN seri_mu -> False
[2025-09-19 11:10:12] INFO: CALL seri_mu
[2025-09-19 11:10:12] INFO: RETURN seri_mu -> False
[2025-09-19 11:10:12] INFO: CALL seri_mu
[2025-09-19 11:10:12] INFO: RETURN seri_mu -> False
[2025-09-19 11:10:12] INFO: CALL seri_mu
[2025-09-19 11:10:12] INFO: RETURN seri_mu -> False
[2025-09-19 11:10:12] INFO: CALL seri_mu
[2025-09-19 11:10:12] INFO: RETURN seri_mu -> False
[2025-09-19 11:10:12] INFO: CALL seri_mu
[2025-09-19 11:10:12] INFO: RETURN seri_mu -> False
[2025-09-19 11:10:12] INFO: CALL seri_mu
[2025-09-19 11:10:12] INFO: RETURN seri_mu -> False
[2025-09-19 11:10:12] INFO: CALL seri_mu
[2025-09-19 11:10:12] INFO: RETURN seri_mu -> False
[2025-09-19 11:10:12] INFO: CALL seri_mu
[2025-09-19 11:10:12] INFO: RETURN seri_mu -> False
[2025-09-19 11:10:12] INFO: CALL seri_mu
[2025-09-19 11:10:12] INFO: RETURN seri_mu -> False
[2025-09-19 11:10:12] INFO: CALL seri_mu
[2025-09-19 11:10:12] INFO: RETURN seri_mu -> False
[2025-09-19 11:10:12] INFO: CALL seri_mu
[2025-09-19 11:10:12] INFO: RETURN seri_mu -> False
[2025-09-19 11:10:12] INFO: CALL seri_mu
[2025-09-19 11:10:12] INFO: RETURN seri_mu -> False
[2025-09-19 11:10:12] INFO: CALL seri_mu
[2025-09-19 11:10:12] INFO: RETURN seri_mu -> False
[2025-09-19 11:10:12] INFO: CALL seri_mu
[2025-09-19 11:10:12] INFO: RETURN seri_mu -> False
[2025-09-19 11:10:12] INFO: CALL seri_mu
[2025-09-19 11:10:12] INFO: RETURN seri_mu -> False
[2025-09-19 11:10:12] INFO: CALL seri_mu
[2025-09-19 11:10:12] INFO: RETURN seri_mu -> False
[2025-09-19 11:10:12] INFO: CALL seri_mu
[2025-09-19 11:10:12] INFO: RETURN seri_mu -> False
[2025-09-19 11:10:12] INFO: CALL seri_mu
[2025-09-19 11:10:12] INFO: RETURN seri_mu -> False
[2025-09-19 11:10:12] INFO: CALL seri_mu
[2025-09-19 11:10:12] INFO: RETURN seri_mu -> False
[2025-09-19 11:10:12] INFO: CALL seri_mu
[2025-09-19 11:10:12] INFO: RETURN seri_mu -> False
[2025-09-19 11:10:12] INFO: CALL seri_mu
[2025-09-19 11:10:12] INFO: RETURN seri_mu -> False
[2025-09-19 11:10:12] INFO: CALL seri_mu
[2025-09-19 11:10:12] INFO: RETURN seri_mu -> False
[2025-09-19 11:10:12] INFO: CALL seri_mu
[2025-09-19 11:10:12] INFO: RETURN seri_mu -> False
[2025-09-19 11:10:12] INFO: CALL seri_mu
[2025-09-19 11:10:12] INFO: RETURN seri_mu -> False
[2025-09-19 11:10:12] INFO: CALL seri_mu
[2025-09-19 11:10:12] INFO: RETURN seri_mu -> False
[2025-09-19 11:10:12] INFO: CALL seri_mu
[2025-09-19 11:10:12] INFO: RETURN seri_mu -> False
[2025-09-19 11:10:12] INFO: CALL seri_mu
[2025-09-19 11:10:12] INFO: RETURN seri_mu -> False
[2025-09-19 11:10:12] INFO: CALL seri_mu
[2025-09-19 11:10:12] INFO: RETURN seri_mu -> False
[2025-09-19 11:10:12] INFO: CALL seri_mu
[2025-09-19 11:10:12] INFO: RETURN seri_mu -> False
[2025-09-19 11:10:12] INFO: CALL seri_mu
[2025-09-19 11:10:12] INFO: RETURN seri_mu -> False
[2025-09-19 11:10:12] INFO: CALL seri_mu
[2025-09-19 11:10:12] INFO: RETURN seri_mu -> False
[2025-09-19 11:10:12] INFO: CALL seri_mu
[2025-09-19 11:10:12] INFO: RETURN seri_mu -> False
[2025-09-19 11:10:12] INFO: CALL seri_mu
[2025-09-19 11:10:12] INFO: RETURN seri_mu -> False
[2025-09-19 11:10:12] INFO: CALL seri_mu
[2025-09-19 11:10:12] INFO: RETURN seri_mu -> False
[2025-09-19 11:10:12] INFO: CALL seri_mu
[2025-09-19 11:10:12] INFO: RETURN seri_mu -> False
[2025-09-19 11:10:12] INFO: CALL seri_mu
[2025-09-19 11:10:12] INFO: RETURN seri_mu -> False
[2025-09-19 11:10:12] INFO: CALL seri_mu
[2025-09-19 11:10:12] INFO: RETURN seri_mu -> False
[2025-09-19 11:10:12] INFO: CALL seri_mu
[2025-09-19 11:10:12] INFO: RETURN seri_mu -> False
[2025-09-19 11:10:12] INFO: CALL seri_mu
[2025-09-19 11:10:12] INFO: RETURN seri_mu -> False
[2025-09-19 11:10:12] INFO: CALL seri_mu
[2025-09-19 11:10:12] INFO: RETURN seri_mu -> False
[2025-09-19 11:10:12] INFO: CALL seri_mu
[2025-09-19 11:10:12] INFO: RETURN seri_mu -> False
[2025-09-19 11:10:12] INFO: CALL seri_mu
[2025-09-19 11:10:12] INFO: RETURN seri_mu -> False
[2025-09-19 11:10:12] INFO: CALL seri_mu
[2025-09-19 11:10:12] INFO: RETURN seri_mu -> False
[2025-09-19 11:10:12] INFO: CALL seri_mu
[2025-09-19 11:10:12] INFO: RETURN seri_mu -> False
[2025-09-19 11:10:12] INFO: CALL seri_mu
[2025-09-19 11:10:12] INFO: RETURN seri_mu -> False
[2025-09-19 11:10:12] INFO: CALL seri_mu
[2025-09-19 11:10:12] INFO: RETURN seri_mu -> False
[2025-09-19 11:10:12] INFO: CALL seri_mu
[2025-09-19 11:10:12] INFO: RETURN seri_mu -> False
[2025-09-19 11:10:12] INFO: CALL seri_mu
[2025-09-19 11:10:12] INFO: RETURN seri_mu -> False
[2025-09-19 11:10:12] INFO: CALL seri_mu
[2025-09-19 11:10:12] INFO: RETURN seri_mu -> False
[2025-09-19 11:10:12] INFO: CALL seri_mu
[2025-09-19 11:10:12] INFO: RETURN seri_mu -> False
[2025-09-19 11:10:12] INFO: CALL seri_mu
[2025-09-19 11:10:12] INFO: RETURN seri_mu -> False
[2025-09-19 11:10:12] INFO: CALL seri_mu
[2025-09-19 11:10:12] INFO: RETURN seri_mu -> False
[2025-09-19 11:10:12] INFO: CALL seri_mu
[2025-09-19 11:10:12] INFO: RETURN seri_mu -> False
[2025-09-19 11:10:12] INFO: CALL seri_mu
[2025-09-19 11:10:12] INFO: RETURN seri_mu -> False
[2025-09-19 11:10:12] INFO: CALL seri_mu
[2025-09-19 11:10:12] INFO: RETURN seri_mu -> False
[2025-09-19 11:10:12] INFO: CALL seri_mu
[2025-09-19 11:10:12] INFO: RETURN seri_mu -> False
[2025-09-19 11:10:12] INFO: CALL seri_mu
[2025-09-19 11:10:12] INFO: RETURN seri_mu -> False
[2025-09-19 11:10:12] INFO: CALL seri_mu
[2025-09-19 11:10:12] INFO: RETURN seri_mu -> False
[2025-09-19 11:10:12] INFO: CALL seri_mu
[2025-09-19 11:10:12] INFO: RETURN seri_mu -> False
[2025-09-19 11:10:12] INFO: CALL seri_mu
[2025-09-19 11:10:12] INFO: RETURN seri_mu -> False
[2025-09-19 11:10:12] INFO: CALL seri_mu
[2025-09-19 11:10:12] INFO: RETURN seri_mu -> False
[2025-09-19 11:10:12] INFO: CALL seri_mu
[2025-09-19 11:10:12] INFO: RETURN seri_mu -> False
[2025-09-19 11:10:12] INFO: CALL seri_mu
[2025-09-19 11:10:12] INFO: RETURN seri_mu -> False
[2025-09-19 11:10:12] INFO: CALL seri_mu
[2025-09-19 11:10:12] INFO: RETURN seri_mu -> False
[2025-09-19 11:10:12] INFO: CALL seri_mu
[2025-09-19 11:10:12] INFO: RETURN seri_mu -> False
[2025-09-19 11:10:12] INFO: CALL seri_mu
[2025-09-19 11:10:12] INFO: RETURN seri_mu -> False
[2025-09-19 11:10:12] INFO: CALL seri_mu
[2025-09-19 11:10:12] INFO: RETURN seri_mu -> False
[2025-09-19 11:10:12] INFO: CALL seri_mu
[2025-09-19 11:10:12] INFO: RETURN seri_mu -> False
[2025-09-19 11:10:12] INFO: CALL seri_mu
[2025-09-19 11:10:12] INFO: RETURN seri_mu -> False
[2025-09-19 11:10:12] INFO: CALL seri_mu
[2025-09-19 11:10:12] INFO: RETURN seri_mu -> False
[2025-09-19 11:10:12] INFO: CALL seri_mu
[2025-09-19 11:10:12] INFO: RETURN seri_mu -> False
[2025-09-19 11:10:12] INFO: CALL seri_mu
[2025-09-19 11:10:12] INFO: RETURN seri_mu -> False
[2025-09-19 11:10:12] INFO: CALL seri_mu
[2025-09-19 11:10:12] INFO: RETURN seri_mu -> False
[2025-09-19 11:10:12] INFO: CALL seri_mu
[2025-09-19 11:10:12] INFO: RETURN seri_mu -> False
[2025-09-19 11:10:12] INFO: CALL seri_mu
[2025-09-19 11:10:12] INFO: RETURN seri_mu -> False
[2025-09-19 11:10:12] INFO: CALL seri_mu
[2025-09-19 11:10:12] INFO: RETURN seri_mu -> False
[2025-09-19 11:10:12] INFO: CALL seri_mu
[2025-09-19 11:10:12] INFO: RETURN seri_mu -> False
[2025-09-19 11:10:12] INFO: CALL seri_mu
[2025-09-19 11:10:12] INFO: RETURN seri_mu -> False
[2025-09-19 11:10:12] INFO: CALL seri_mu
[2025-09-19 11:10:12] INFO: RETURN seri_mu -> False
[2025-09-19 11:10:12] INFO: CALL seri_mu
[2025-09-19 11:10:12] INFO: RETURN seri_mu -> False
[2025-09-19 11:10:12] INFO: CALL seri_mu
[2025-09-19 11:10:12] INFO: RETURN seri_mu -> False
[2025-09-19 11:10:12] INFO: CALL seri_mu
[2025-09-19 11:10:12] INFO: RETURN seri_mu -> False
[2025-09-19 11:10:12] INFO: CALL seri_mu
[2025-09-19 11:10:12] INFO: RETURN seri_mu -> False
[2025-09-19 11:10:12] INFO: CALL seri_mu
[2025-09-19 11:10:12] INFO: RETURN seri_mu -> False
[2025-09-19 11:10:12] INFO: CALL seri_mu
[2025-09-19 11:10:12] INFO: RETURN seri_mu -> False
[2025-09-19 11:10:12] INFO: CALL seri_mu
[2025-09-19 11:10:12] INFO: RETURN seri_mu -> False
[2025-09-19 11:10:12] INFO: CALL seri_mu
[2025-09-19 11:10:12] INFO: RETURN seri_mu -> False
[2025-09-19 11:10:12] INFO: CALL seri_mu
[2025-09-19 11:10:12] INFO: RETURN seri_mu -> False
[2025-09-19 11:10:12] INFO: CALL seri_mu
[2025-09-19 11:10:12] INFO: RETURN seri_mu -> False
[2025-09-19 11:10:12] INFO: CALL seri_mu
[2025-09-19 11:10:12] INFO: RETURN seri_mu -> False
[2025-09-19 11:10:12] INFO: CALL seri_mu
[2025-09-19 11:10:12] INFO: RETURN seri_mu -> False
[2025-09-19 11:10:12] INFO: CALL seri_mu
[2025-09-19 11:10:12] INFO: RETURN seri_mu -> False
[2025-09-19 11:10:12] INFO: CALL seri_mu
[2025-09-19 11:10:12] INFO: RETURN seri_mu -> False
[2025-09-19 11:10:12] INFO: CALL seri_mu
[2025-09-19 11:10:12] INFO: RETURN seri_mu -> False
[2025-09-19 11:10:12] INFO: CALL seri_mu
[2025-09-19 11:10:12] INFO: RETURN seri_mu -> False
[2025-09-19 11:10:12] INFO: CALL seri_mu
[2025-09-19 11:10:12] INFO: RETURN seri_mu -> False
[2025-09-19 11:10:12] INFO: CALL seri_mu
[2025-09-19 11:10:12] INFO: RETURN seri_mu -> False
[2025-09-19 11:10:12] INFO: CALL seri_mu
[2025-09-19 11:10:12] INFO: RETURN seri_mu -> False
[2025-09-19 11:10:12] INFO: CALL seri_mu
[2025-09-19 11:10:12] INFO: RETURN seri_mu -> False
[2025-09-19 11:10:12] INFO: CALL seri_mu
[2025-09-19 11:10:12] INFO: RETURN seri_mu -> False
[2025-09-19 11:10:12] INFO: CALL seri_mu
[2025-09-19 11:10:12] INFO: RETURN seri_mu -> False
[2025-09-19 11:10:12] INFO: CALL seri_mu
[2025-09-19 11:10:12] INFO: RETURN seri_mu -> False
[2025-09-19 11:10:12] INFO: CALL seri_mu
[2025-09-19 11:10:12] INFO: RETURN seri_mu -> False
[2025-09-19 11:10:12] INFO: CALL seri_mu
[2025-09-19 11:10:12] INFO: RETURN seri_mu -> False
[2025-09-19 11:10:12] INFO: CALL seri_mu
[2025-09-19 11:10:12] INFO: RETURN seri_mu -> False
[2025-09-19 11:10:12] INFO: CALL seri_mu
[2025-09-19 11:10:12] INFO: RETURN seri_mu -> False
[2025-09-19 11:10:12] INFO: CALL seri_mu
[2025-09-19 11:10:12] INFO: RETURN seri_mu -> False
[2025-09-19 11:10:12] INFO: CALL seri_mu
[2025-09-19 11:10:12] INFO: RETURN seri_mu -> False
[2025-09-19 11:10:12] INFO: CALL seri_mu
[2025-09-19 11:10:12] INFO: RETURN seri_mu -> False
[2025-09-19 11:10:12] INFO: CALL seri_mu
[2025-09-19 11:10:12] INFO: RETURN seri_mu -> False
[2025-09-19 11:10:12] INFO: CALL seri_mu
[2025-09-19 11:10:12] INFO: RETURN seri_mu -> False
[2025-09-19 11:10:12] INFO: CALL seri_mu
[2025-09-19 11:10:12] INFO: RETURN seri_mu -> False
[2025-09-19 11:10:12] INFO: CALL seri_mu
[2025-09-19 11:10:12] INFO: RETURN seri_mu -> False
[2025-09-19 11:10:12] INFO: CALL seri_mu
[2025-09-19 11:10:12] INFO: RETURN seri_mu -> False
[2025-09-19 11:10:12] INFO: CALL seri_mu
[2025-09-19 11:10:12] INFO: RETURN seri_mu -> False
[2025-09-19 11:10:12] INFO: CALL seri_mu
[2025-09-19 11:10:12] INFO: RETURN seri_mu -> False
[2025-09-19 11:10:12] INFO: CALL seri_mu
[2025-09-19 11:10:12] INFO: RETURN seri_mu -> False
[2025-09-19 11:10:12] INFO: CALL seri_mu
[2025-09-19 11:10:12] INFO: RETURN seri_mu -> False
[2025-09-19 11:10:12] INFO: CALL seri_mu
[2025-09-19 11:10:12] INFO: RETURN seri_mu -> False
[2025-09-19 11:10:12] INFO: CALL seri_mu
[2025-09-19 11:10:12] INFO: RETURN seri_mu -> False
[2025-09-19 11:10:12] INFO: CALL seri_mu
[2025-09-19 11:10:12] INFO: RETURN seri_mu -> False
[2025-09-19 11:10:12] INFO: CALL seri_mu
[2025-09-19 11:10:12] INFO: RETURN seri_mu -> False
[2025-09-19 11:10:12] INFO: CALL seri_mu
[2025-09-19 11:10:12] INFO: RETURN seri_mu -> False
[2025-09-19 11:10:12] INFO: CALL seri_mu
[2025-09-19 11:10:12] INFO: RETURN seri_mu -> False
[2025-09-19 11:10:12] INFO: CALL seri_mu
[2025-09-19 11:10:12] INFO: RETURN seri_mu -> False
[2025-09-19 11:10:12] INFO: CALL seri_mu
[2025-09-19 11:10:12] INFO: RETURN seri_mu -> False
[2025-09-19 11:10:12] INFO: CALL seri_mu
[2025-09-19 11:10:12] INFO: RETURN seri_mu -> False
[2025-09-19 11:10:12] INFO: CALL seri_mu
[2025-09-19 11:10:12] INFO: RETURN seri_mu -> False
[2025-09-19 11:10:12] INFO: CALL seri_mu
[2025-09-19 11:10:12] INFO: RETURN seri_mu -> False
[2025-09-19 11:10:12] INFO: CALL seri_mu
[2025-09-19 11:10:12] INFO: RETURN seri_mu -> False
[2025-09-19 11:10:12] INFO: CALL seri_mu
[2025-09-19 11:10:12] INFO: RETURN seri_mu -> False
[2025-09-19 11:10:12] INFO: CALL seri_mu
[2025-09-19 11:10:12] INFO: RETURN seri_mu -> False
[2025-09-19 11:10:12] INFO: CALL seri_mu
[2025-09-19 11:10:12] INFO: RETURN seri_mu -> False
[2025-09-19 11:10:12] INFO: CALL seri_mu
[2025-09-19 11:10:12] INFO: RETURN seri_mu -> False
[2025-09-19 11:10:12] INFO: CALL seri_mu
[2025-09-19 11:10:12] INFO: RETURN seri_mu -> False
[2025-09-19 11:10:12] INFO: CALL seri_mu
[2025-09-19 11:10:12] INFO: RETURN seri_mu -> False
[2025-09-19 11:10:12] INFO: CALL seri_mu
[2025-09-19 11:10:12] INFO: RETURN seri_mu -> False
[2025-09-19 11:10:12] INFO: CALL seri_mu
[2025-09-19 11:10:12] INFO: RETURN seri_mu -> False
[2025-09-19 11:10:12] INFO: CALL seri_mu
[2025-09-19 11:10:12] INFO: RETURN seri_mu -> False
[2025-09-19 11:10:12] INFO: CALL seri_mu
[2025-09-19 11:10:12] INFO: RETURN seri_mu -> False
[2025-09-19 11:10:12] INFO: CALL seri_mu
[2025-09-19 11:10:12] INFO: RETURN seri_mu -> False
[2025-09-19 11:10:12] INFO: CALL seri_mu
[2025-09-19 11:10:12] INFO: RETURN seri_mu -> False
[2025-09-19 11:10:12] INFO: CALL seri_mu
[2025-09-19 11:10:12] INFO: RETURN seri_mu -> False
[2025-09-19 11:10:12] INFO: CALL seri_mu
[2025-09-19 11:10:12] INFO: RETURN seri_mu -> False
[2025-09-19 11:10:12] INFO: CALL seri_mu
[2025-09-19 11:10:12] INFO: RETURN seri_mu -> False
[2025-09-19 11:10:12] INFO: CALL seri_mu
[2025-09-19 11:10:12] INFO: RETURN seri_mu -> False
[2025-09-19 11:10:12] INFO: CALL seri_mu
[2025-09-19 11:10:12] INFO: RETURN seri_mu -> False
[2025-09-19 11:10:12] INFO: CALL seri_mu
[2025-09-19 11:10:12] INFO: RETURN seri_mu -> False
[2025-09-19 11:10:12] INFO: CALL seri_mu
[2025-09-19 11:10:12] INFO: RETURN seri_mu -> False
[2025-09-19 11:10:12] INFO: CALL seri_mu
[2025-09-19 11:10:12] INFO: RETURN seri_mu -> False
[2025-09-19 11:10:12] INFO: CALL seri_mu
[2025-09-19 11:10:12] INFO: RETURN seri_mu -> False
[2025-09-19 11:10:12] INFO: CALL seri_mu
[2025-09-19 11:10:12] INFO: RETURN seri_mu -> False
[2025-09-19 11:10:12] INFO: CALL seri_mu
[2025-09-19 11:10:12] INFO: RETURN seri_mu -> False
[2025-09-19 11:10:12] INFO: CALL seri_mu
[2025-09-19 11:10:12] INFO: RETURN seri_mu -> False
[2025-09-19 11:10:12] INFO: CALL seri_mu
[2025-09-19 11:10:12] INFO: RETURN seri_mu -> False
[2025-09-19 11:10:12] INFO: CALL seri_mu
[2025-09-19 11:10:12] INFO: RETURN seri_mu -> False
[2025-09-19 11:10:12] INFO: CALL seri_mu
[2025-09-19 11:10:12] INFO: RETURN seri_mu -> False
[2025-09-19 11:10:12] INFO: CALL seri_mu
[2025-09-19 11:10:12] INFO: RETURN seri_mu -> False
[2025-09-19 11:10:12] INFO: CALL seri_mu
[2025-09-19 11:10:12] INFO: RETURN seri_mu -> False
[2025-09-19 11:10:12] INFO: CALL seri_mu
[2025-09-19 11:10:12] INFO: RETURN seri_mu -> False
[2025-09-19 11:10:12] INFO: CALL seri_mu
[2025-09-19 11:10:12] INFO: RETURN seri_mu -> False
[2025-09-19 11:10:12] INFO: CALL seri_mu
[2025-09-19 11:10:12] INFO: RETURN seri_mu -> False
[2025-09-19 11:10:12] INFO: CALL seri_mu
[2025-09-19 11:10:12] INFO: RETURN seri_mu -> False
[2025-09-19 11:10:12] INFO: CALL seri_mu
[2025-09-19 11:10:12] INFO: RETURN seri_mu -> False
[2025-09-19 11:10:12] INFO: CALL seri_mu
[2025-09-19 11:10:12] INFO: RETURN seri_mu -> False
[2025-09-19 11:10:12] INFO: CALL seri_mu
[2025-09-19 11:10:12] INFO: RETURN seri_mu -> False
[2025-09-19 11:10:12] INFO: CALL seri_mu
[2025-09-19 11:10:12] INFO: RETURN seri_mu -> False
[2025-09-19 11:10:12] INFO: CALL seri_mu
[2025-09-19 11:10:12] INFO: RETURN seri_mu -> False
[2025-09-19 11:10:12] INFO: CALL seri_mu
[2025-09-19 11:10:12] INFO: RETURN seri_mu -> False
[2025-09-19 11:10:12] INFO: CALL seri_mu
[2025-09-19 11:10:12] INFO: RETURN seri_mu -> False
[2025-09-19 11:10:12] INFO: CALL seri_mu
[2025-09-19 11:10:12] INFO: RETURN seri_mu -> False
[2025-09-19 11:10:12] INFO: CALL seri_mu
[2025-09-19 11:10:12] INFO: RETURN seri_mu -> False
[2025-09-19 11:10:12] INFO: CALL seri_mu
[2025-09-19 11:10:12] INFO: RETURN seri_mu -> False
[2025-09-19 11:10:12] INFO: CALL seri_mu
[2025-09-19 11:10:12] INFO: RETURN seri_mu -> False
[2025-09-19 11:10:12] INFO: CALL seri_mu
[2025-09-19 11:10:12] INFO: RETURN seri_mu -> False
[2025-09-19 11:10:12] INFO: CALL seri_mu
[2025-09-19 11:10:12] INFO: RETURN seri_mu -> False
[2025-09-19 11:10:12] INFO: CALL seri_mu
[2025-09-19 11:10:12] INFO: RETURN seri_mu -> False
[2025-09-19 11:10:12] INFO: CALL seri_mu
[2025-09-19 11:10:12] INFO: RETURN seri_mu -> False
[2025-09-19 11:10:12] INFO: CALL seri_mu
[2025-09-19 11:10:12] INFO: RETURN seri_mu -> False
[2025-09-19 11:10:12] INFO: CALL seri_mu
[2025-09-19 11:10:12] INFO: RETURN seri_mu -> False
[2025-09-19 11:10:12] INFO: CALL seri_mu
[2025-09-19 11:10:12] INFO: RETURN seri_mu -> False
[2025-09-19 11:10:12] INFO: CALL seri_mu
[2025-09-19 11:10:12] INFO: RETURN seri_mu -> False
[2025-09-19 11:10:12] INFO: CALL seri_mu
[2025-09-19 11:10:12] INFO: RETURN seri_mu -> False
[2025-09-19 11:10:12] INFO: CALL seri_mu
[2025-09-19 11:10:12] INFO: RETURN seri_mu -> False
[2025-09-19 11:10:12] INFO: CALL seri_mu
[2025-09-19 11:10:12] INFO: RETURN seri_mu -> False
[2025-09-19 11:10:12] INFO: CALL seri_mu
[2025-09-19 11:10:12] INFO: RETURN seri_mu -> False
[2025-09-19 11:10:12] INFO: CALL seri_mu
[2025-09-19 11:10:12] INFO: RETURN seri_mu -> False
[2025-09-19 11:10:12] INFO: CALL seri_mu
[2025-09-19 11:10:12] INFO: RETURN seri_mu -> False
[2025-09-19 11:10:12] INFO: CALL seri_mu
[2025-09-19 11:10:12] INFO: RETURN seri_mu -> False
[2025-09-19 11:10:12] INFO: CALL seri_mu
[2025-09-19 11:10:12] INFO: RETURN seri_mu -> False
[2025-09-19 11:10:12] INFO: CALL seri_mu
[2025-09-19 11:10:12] INFO: RETURN seri_mu -> False
[2025-09-19 11:10:12] INFO: CALL seri_mu
[2025-09-19 11:10:12] INFO: RETURN seri_mu -> False
[2025-09-19 11:10:12] INFO: CALL seri_mu
[2025-09-19 11:10:12] INFO: RETURN seri_mu -> False
[2025-09-19 11:10:12] INFO: CALL seri_mu
[2025-09-19 11:10:12] INFO: RETURN seri_mu -> False
[2025-09-19 11:10:12] INFO: CALL seri_mu
[2025-09-19 11:10:12] INFO: RETURN seri_mu -> False
[2025-09-19 11:10:12] INFO: CALL seri_mu
[2025-09-19 11:10:12] INFO: RETURN seri_mu -> False
[2025-09-19 11:10:12] INFO: CALL seri_mu
[2025-09-19 11:10:12] INFO: RETURN seri_mu -> False
[2025-09-19 11:10:12] INFO: CALL seri_mu
[2025-09-19 11:10:12] INFO: RETURN seri_mu -> False
[2025-09-19 11:10:12] INFO: CALL seri_mu
[2025-09-19 11:10:12] INFO: RETURN seri_mu -> False
[2025-09-19 11:10:12] INFO: CALL seri_mu
[2025-09-19 11:10:12] INFO: RETURN seri_mu -> False
[2025-09-19 11:10:12] INFO: CALL seri_mu
[2025-09-19 11:10:12] INFO: RETURN seri_mu -> False
[2025-09-19 11:10:12] INFO: CALL seri_mu
[2025-09-19 11:10:12] INFO: RETURN seri_mu -> False
[2025-09-19 11:10:12] INFO: CALL seri_mu
[2025-09-19 11:10:12] INFO: RETURN seri_mu -> False
[2025-09-19 11:10:12] INFO: CALL seri_mu
[2025-09-19 11:10:12] INFO: RETURN seri_mu -> False
[2025-09-19 11:10:12] INFO: CALL seri_mu
[2025-09-19 11:10:12] INFO: RETURN seri_mu -> False
[2025-09-19 11:10:12] INFO: CALL seri_mu
[2025-09-19 11:10:12] INFO: RETURN seri_mu -> False
[2025-09-19 11:10:12] INFO: CALL seri_mu
[2025-09-19 11:10:12] INFO: RETURN seri_mu -> False
[2025-09-19 11:10:12] INFO: CALL seri_mu
[2025-09-19 11:10:12] INFO: RETURN seri_mu -> False
[2025-09-19 11:10:12] INFO: CALL seri_mu
[2025-09-19 11:10:12] INFO: RETURN seri_mu -> False
[2025-09-19 11:10:12] INFO: CALL seri_mu
[2025-09-19 11:10:12] INFO: RETURN seri_mu -> False
[2025-09-19 11:10:12] INFO: CALL seri_mu
[2025-09-19 11:10:12] INFO: RETURN seri_mu -> False
[2025-09-19 11:10:12] INFO: CALL seri_mu
[2025-09-19 11:10:12] INFO: RETURN seri_mu -> False
[2025-09-19 11:10:12] INFO: CALL seri_mu
[2025-09-19 11:10:12] INFO: RETURN seri_mu -> False
[2025-09-19 11:10:12] INFO: CALL seri_mu
[2025-09-19 11:10:12] INFO: RETURN seri_mu -> False
[2025-09-19 11:10:12] INFO: CALL seri_mu
[2025-09-19 11:10:12] INFO: RETURN seri_mu -> False
[2025-09-19 11:10:12] INFO: CALL seri_mu
[2025-09-19 11:10:12] INFO: RETURN seri_mu -> False
[2025-09-19 11:10:12] INFO: CALL seri_mu
[2025-09-19 11:10:12] INFO: RETURN seri_mu -> False
[2025-09-19 11:10:12] INFO: CALL seri_mu
[2025-09-19 11:10:12] INFO: RETURN seri_mu -> False
[2025-09-19 11:10:12] INFO: CALL seri_mu
[2025-09-19 11:10:12] INFO: RETURN seri_mu -> False
[2025-09-19 11:10:12] INFO: CALL seri_mu
[2025-09-19 11:10:12] INFO: RETURN seri_mu -> False
[2025-09-19 11:10:12] INFO: CALL seri_mu
[2025-09-19 11:10:12] INFO: RETURN seri_mu -> False
[2025-09-19 11:10:12] INFO: CALL seri_mu
[2025-09-19 11:10:12] INFO: RETURN seri_mu -> False
[2025-09-19 11:10:12] INFO: CALL seri_mu
[2025-09-19 11:10:12] INFO: RETURN seri_mu -> False
[2025-09-19 11:10:12] INFO: CALL seri_mu
[2025-09-19 11:10:12] INFO: RETURN seri_mu -> False
[2025-09-19 11:10:12] INFO: CALL seri_mu
[2025-09-19 11:10:12] INFO: RETURN seri_mu -> False
[2025-09-19 11:10:12] INFO: CALL seri_mu
[2025-09-19 11:10:12] INFO: RETURN seri_mu -> False
[2025-09-19 11:10:12] INFO: CALL seri_mu
[2025-09-19 11:10:12] INFO: RETURN seri_mu -> False
[2025-09-19 11:10:12] INFO: CALL seri_mu
[2025-09-19 11:10:12] INFO: RETURN seri_mu -> False
[2025-09-19 11:10:12] INFO: CALL seri_mu
[2025-09-19 11:10:12] INFO: RETURN seri_mu -> False
[2025-09-19 11:10:12] INFO: CALL seri_mu
[2025-09-19 11:10:12] INFO: RETURN seri_mu -> False
[2025-09-19 11:10:12] INFO: CALL seri_mu
[2025-09-19 11:10:12] INFO: RETURN seri_mu -> False
[2025-09-19 11:10:12] INFO: CALL seri_mu
[2025-09-19 11:10:12] INFO: RETURN seri_mu -> False
[2025-09-19 11:10:12] INFO: CALL seri_mu
[2025-09-19 11:10:12] INFO: RETURN seri_mu -> False
[2025-09-19 11:10:12] INFO: CALL seri_mu
[2025-09-19 11:10:12] INFO: RETURN seri_mu -> False
[2025-09-19 11:10:12] INFO: CALL seri_mu
[2025-09-19 11:10:12] INFO: RETURN seri_mu -> False
[2025-09-19 11:10:12] INFO: CALL seri_mu
[2025-09-19 11:10:12] INFO: RETURN seri_mu -> False
[2025-09-19 11:10:12] INFO: CALL seri_mu
[2025-09-19 11:10:12] INFO: RETURN seri_mu -> False
[2025-09-19 11:10:12] INFO: CALL seri_mu
[2025-09-19 11:10:12] INFO: RETURN seri_mu -> False
[2025-09-19 11:10:12] INFO: CALL seri_mu
[2025-09-19 11:10:12] INFO: RETURN seri_mu -> False
[2025-09-19 11:10:12] INFO: CALL seri_mu
[2025-09-19 11:10:12] INFO: RETURN seri_mu -> False
[2025-09-19 11:10:12] INFO: CALL seri_mu
[2025-09-19 11:10:12] INFO: RETURN seri_mu -> False
[2025-09-19 11:10:12] INFO: CALL seri_mu
[2025-09-19 11:10:12] INFO: RETURN seri_mu -> False
[2025-09-19 11:10:12] INFO: CALL seri_mu
[2025-09-19 11:10:12] INFO: RETURN seri_mu -> False
[2025-09-19 11:10:12] INFO: CALL seri_mu
[2025-09-19 11:10:12] INFO: RETURN seri_mu -> False
[2025-09-19 11:10:12] INFO: CALL seri_mu
[2025-09-19 11:10:12] INFO: RETURN seri_mu -> False
[2025-09-19 11:10:12] INFO: CALL seri_mu
[2025-09-19 11:10:12] INFO: RETURN seri_mu -> False
[2025-09-19 11:10:12] INFO: CALL seri_mu
[2025-09-19 11:10:12] INFO: RETURN seri_mu -> False
[2025-09-19 11:10:12] INFO: CALL seri_mu
[2025-09-19 11:10:12] INFO: RETURN seri_mu -> False
[2025-09-19 11:10:12] INFO: CALL seri_mu
[2025-09-19 11:10:12] INFO: RETURN seri_mu -> False
[2025-09-19 11:10:12] INFO: CALL seri_mu
[2025-09-19 11:10:12] INFO: RETURN seri_mu -> False
[2025-09-19 11:10:12] INFO: CALL seri_mu
[2025-09-19 11:10:12] INFO: RETURN seri_mu -> False
[2025-09-19 11:10:12] INFO: CALL seri_mu
[2025-09-19 11:10:12] INFO: RETURN seri_mu -> False
[2025-09-19 11:10:12] INFO: CALL seri_mu
[2025-09-19 11:10:12] INFO: RETURN seri_mu -> False
[2025-09-19 11:10:12] INFO: CALL seri_mu
[2025-09-19 11:10:12] INFO: RETURN seri_mu -> False
[2025-09-19 11:10:12] INFO: CALL seri_mu
[2025-09-19 11:10:12] INFO: RETURN seri_mu -> False
[2025-09-19 11:10:12] INFO: CALL seri_mu
[2025-09-19 11:10:12] INFO: RETURN seri_mu -> False
[2025-09-19 11:10:12] INFO: CALL seri_mu
[2025-09-19 11:10:12] INFO: RETURN seri_mu -> False
[2025-09-19 11:10:12] INFO: CALL seri_mu
[2025-09-19 11:10:12] INFO: RETURN seri_mu -> False
[2025-09-19 11:10:12] INFO: CALL seri_mu
[2025-09-19 11:10:12] INFO: RETURN seri_mu -> False
[2025-09-19 11:10:12] INFO: CALL seri_mu
[2025-09-19 11:10:12] INFO: RETURN seri_mu -> False
[2025-09-19 11:10:12] INFO: CALL seri_mu
[2025-09-19 11:10:12] INFO: RETURN seri_mu -> False
[2025-09-19 11:10:12] INFO: CALL seri_mu
[2025-09-19 11:10:12] INFO: RETURN seri_mu -> False
[2025-09-19 11:10:12] INFO: CALL seri_mu
[2025-09-19 11:10:12] INFO: RETURN seri_mu -> False
[2025-09-19 11:10:12] INFO: CALL seri_mu
[2025-09-19 11:10:12] INFO: RETURN seri_mu -> False
[2025-09-19 11:10:12] INFO: CALL seri_mu
[2025-09-19 11:10:12] INFO: RETURN seri_mu -> False
[2025-09-19 11:10:12] INFO: CALL seri_mu
[2025-09-19 11:10:12] INFO: RETURN seri_mu -> False
[2025-09-19 11:10:12] INFO: CALL seri_mu
[2025-09-19 11:10:12] INFO: RETURN seri_mu -> False
[2025-09-19 11:10:12] INFO: CALL seri_mu
[2025-09-19 11:10:12] INFO: RETURN seri_mu -> False
[2025-09-19 11:10:12] INFO: CALL seri_mu
[2025-09-19 11:10:12] INFO: RETURN seri_mu -> False
[2025-09-19 11:10:12] INFO: CALL seri_mu
[2025-09-19 11:10:12] INFO: RETURN seri_mu -> False
[2025-09-19 11:10:12] INFO: CALL seri_mu
[2025-09-19 11:10:12] INFO: RETURN seri_mu -> False
[2025-09-19 11:10:12] INFO: CALL seri_mu
[2025-09-19 11:10:12] INFO: RETURN seri_mu -> False
[2025-09-19 11:10:12] INFO: CALL seri_mu
[2025-09-19 11:10:12] INFO: RETURN seri_mu -> False
[2025-09-19 11:10:12] INFO: CALL seri_mu
[2025-09-19 11:10:12] INFO: RETURN seri_mu -> False
[2025-09-19 11:10:12] INFO: CALL seri_mu
[2025-09-19 11:10:12] INFO: RETURN seri_mu -> False
[2025-09-19 11:10:12] INFO: CALL seri_mu
[2025-09-19 11:10:12] INFO: RETURN seri_mu -> False
[2025-09-19 11:10:12] INFO: CALL seri_mu
[2025-09-19 11:10:12] INFO: RETURN seri_mu -> False
[2025-09-19 11:10:12] INFO: RETURN en_iyi_per_bul -> None
[2025-09-19 11:10:12] INFO: RETURN AIPlayer.ai_el_ac_dene -> None
[2025-09-19 11:10:12] INFO: CALL AIPlayer.karar_ver_ve_at
[2025-09-19 11:10:12] INFO: CALL eli_analiz_et
[2025-09-19 11:10:12] INFO: RETURN eli_analiz_et -> {'ciftler': [[sari_11_22, sari_11_21]], 'uc_taslilar': [], 'dort_taslilar': [], 'seriler': [], 'ikili_potansiyeller': {'seri': [(sari_11_22, sari_11_21), (sari_11_21, sari_13_26), (kirmizi_1_80, kirmizi_3_83), (kirmizi_3_83, kirmizi_5_87)], 'kut': [(sari_13_26, kirmizi_13_103), (siyah_1_54, kirmizi_1_80)]}}
[2025-09-19 11:10:12] INFO: CALL en_akilli_ati_bul
[2025-09-19 11:10:12] INFO: RETURN en_akilli_ati_bul -> sari_13_26
[2025-09-19 11:10:12] INFO: RETURN AIPlayer.karar_ver_ve_at -> sari_13_26
[2025-09-19 11:10:12] INFO: CALL Game.tas_at
[2025-09-19 11:10:12] INFO: CALL TurnManager.tas_at
[2025-09-19 11:10:12] INFO: CALL Player.tas_at
[2025-09-19 11:10:12] INFO: CALL Player.el_sirala
[2025-09-19 11:10:12] INFO: RETURN Player.el_sirala -> None
[2025-09-19 11:10:12] INFO: RETURN Player.tas_at -> sari_13_26
[2025-09-19 11:10:12] INFO: CALL AtilanTasDegerlendirici.__init__
[2025-09-19 11:10:12] INFO: RETURN AtilanTasDegerlendirici.__init__ -> None
[2025-09-19 11:10:12] INFO: RETURN TurnManager.tas_at -> True
[2025-09-19 11:10:12] INFO: RETURN Game.tas_at -> True
[2025-09-19 11:10:12] INFO: CALL StatusBar.guncelle
[2025-09-19 11:10:12] INFO: RETURN StatusBar.guncelle -> None
[2025-09-19 11:10:13] INFO: AI 2 atılan taşı değerlendiriyor.
[2025-09-19 11:10:13] INFO: CALL AIPlayer.atilan_tasi_degerlendir
[2025-09-19 11:10:13] INFO: CALL eli_analiz_et
[2025-09-19 11:10:13] INFO: RETURN eli_analiz_et -> {'ciftler': [[kirmizi_10_97, kirmizi_10_98], [kirmizi_11_100, kirmizi_11_99]], 'uc_taslilar': [], 'dort_taslilar': [], 'seriler': [[sari_3_6, sari_4_8, sari_5_9]], 'ikili_potansiyeller': {'seri': [(sari_3_6, sari_4_8), (sari_4_8, sari_5_9), (mavi_4_34, mavi_5_36), (kirmizi_10_97, kirmizi_10_98), (kirmizi_10_98, kirmizi_11_100), (kirmizi_11_100, kirmizi_11_99)], 'kut': [(sari_4_8, mavi_4_34), (sari_5_9, mavi_5_36), (mavi_1_27, kirmizi_1_79), (kirmizi_10_97, kirmizi_10_98), (kirmizi_11_100, kirmizi_11_99)]}}
[2025-09-19 11:10:13] INFO: CALL seri_mu
[2025-09-19 11:10:13] INFO: RETURN seri_mu -> True
[2025-09-19 11:10:13] INFO: AI AI Oyuncu 3 görevi tamamlamak için atılan taşı alıyor: sari_13
[2025-09-19 11:10:13] INFO: RETURN AIPlayer.atilan_tasi_degerlendir -> True
[2025-09-19 11:10:13] INFO: CALL Game.atilan_tasi_al
[2025-09-19 11:10:13] INFO: CALL TurnManager.atilan_tasi_al
[2025-09-19 11:10:13] INFO: CALL Player.tas_al
[2025-09-19 11:10:13] INFO: CALL Player.el_sirala
[2025-09-19 11:10:13] INFO: RETURN Player.el_sirala -> None
[2025-09-19 11:10:13] INFO: RETURN Player.tas_al -> None
[2025-09-19 11:10:13] INFO: CALL AtilanTasDegerlendirici.asilin_sirasi
[2025-09-19 11:10:13] INFO: RETURN AtilanTasDegerlendirici.asilin_sirasi -> 2
[2025-09-19 11:10:13] INFO: CALL Game._sira_ilerlet
[2025-09-19 11:10:13] INFO: RETURN Game._sira_ilerlet -> None
[2025-09-19 11:10:13] INFO: CALL Player.el_sirala
[2025-09-19 11:10:13] INFO: RETURN Player.el_sirala -> None
[2025-09-19 11:10:13] INFO: RETURN TurnManager.atilan_tasi_al -> None
[2025-09-19 11:10:13] INFO: RETURN Game.atilan_tasi_al -> None
[2025-09-19 11:10:13] INFO: CALL StatusBar.guncelle
[2025-09-19 11:10:13] INFO: RETURN StatusBar.guncelle -> None
[2025-09-19 11:10:13] INFO: Sıra AI 2'de. Durum: NORMAL_TAS_ATMA
[2025-09-19 11:10:13] INFO: CALL AIPlayer.ai_el_ac_dene
[2025-09-19 11:10:13] INFO: CALL en_iyi_per_bul
[2025-09-19 11:10:13] INFO: CALL seri_mu
[2025-09-19 11:10:13] INFO: RETURN seri_mu -> True
[2025-09-19 11:10:13] INFO: RETURN en_iyi_per_bul -> [sari_3_6, sari_4_8, sari_5_9]
[2025-09-19 11:10:13] INFO: RETURN AIPlayer.ai_el_ac_dene -> [6, 8, 9]
[2025-09-19 11:10:13] INFO: CALL Game.el_ac
[2025-09-19 11:10:13] INFO: CALL ActionManager.el_ac
[2025-09-19 11:10:13] INFO: CALL ActionManager._eli_ac_ve_isle
[2025-09-19 11:10:13] INFO: CALL seri_mu
[2025-09-19 11:10:13] INFO: RETURN seri_mu -> True
[2025-09-19 11:10:13] INFO: CALL Player.tas_at
[2025-09-19 11:10:13] INFO: CALL Player.el_sirala
[2025-09-19 11:10:13] INFO: RETURN Player.el_sirala -> None
[2025-09-19 11:10:13] INFO: RETURN Player.tas_at -> sari_3_6
[2025-09-19 11:10:13] INFO: CALL Player.tas_at
[2025-09-19 11:10:13] INFO: CALL Player.el_sirala
[2025-09-19 11:10:13] INFO: RETURN Player.el_sirala -> None
[2025-09-19 11:10:13] INFO: RETURN Player.tas_at -> sari_4_8
[2025-09-19 11:10:13] INFO: CALL Player.tas_at
[2025-09-19 11:10:13] INFO: CALL Player.el_sirala
[2025-09-19 11:10:13] INFO: RETURN Player.el_sirala -> None
[2025-09-19 11:10:13] INFO: RETURN Player.tas_at -> sari_5_9
[2025-09-19 11:10:13] INFO: CALL Game._per_sirala
[2025-09-19 11:10:13] INFO: CALL Rules._per_seri_mu
[2025-09-19 11:10:13] INFO: RETURN Rules._per_seri_mu -> True
[2025-09-19 11:10:13] INFO: RETURN Game._per_sirala -> None
[2025-09-19 11:10:13] INFO: CALL Player.el_sirala
[2025-09-19 11:10:13] INFO: RETURN Player.el_sirala -> None
[2025-09-19 11:10:13] INFO: RETURN ActionManager._eli_ac_ve_isle -> {'status': 'success'}
[2025-09-19 11:10:13] INFO: RETURN ActionManager.el_ac -> {'status': 'success'}
[2025-09-19 11:10:13] INFO: RETURN Game.el_ac -> {'status': 'success'}
[2025-09-19 11:10:13] INFO: CALL StatusBar.guncelle
[2025-09-19 11:10:13] INFO: RETURN StatusBar.guncelle -> None
[2025-09-19 11:10:13] INFO: CALL AIPlayer.karar_ver_ve_at
[2025-09-19 11:10:13] INFO: CALL eli_analiz_et
[2025-09-19 11:10:13] INFO: RETURN eli_analiz_et -> {'ciftler': [[kirmizi_10_97, kirmizi_10_98], [kirmizi_11_100, kirmizi_11_99]], 'uc_taslilar': [], 'dort_taslilar': [], 'seriler': [], 'ikili_potansiyeller': {'seri': [(mavi_4_34, mavi_5_36), (kirmizi_10_97, kirmizi_10_98), (kirmizi_10_98, kirmizi_11_100), (kirmizi_11_100, kirmizi_11_99)], 'kut': [(mavi_1_27, kirmizi_1_79), (kirmizi_10_97, kirmizi_10_98), (kirmizi_11_100, kirmizi_11_99)]}}
[2025-09-19 11:10:13] INFO: CALL en_akilli_ati_bul
[2025-09-19 11:10:13] INFO: RETURN en_akilli_ati_bul -> sari_13_26
[2025-09-19 11:10:13] INFO: RETURN AIPlayer.karar_ver_ve_at -> sari_13_26
[2025-09-19 11:10:13] INFO: CALL Game.tas_at
[2025-09-19 11:10:13] INFO: CALL TurnManager.tas_at
[2025-09-19 11:10:13] INFO: CALL Player.tas_at
[2025-09-19 11:10:13] INFO: CALL Player.el_sirala
[2025-09-19 11:10:13] INFO: RETURN Player.el_sirala -> None
[2025-09-19 11:10:13] INFO: RETURN Player.tas_at -> sari_13_26
[2025-09-19 11:10:13] INFO: CALL AtilanTasDegerlendirici.__init__
[2025-09-19 11:10:13] INFO: RETURN AtilanTasDegerlendirici.__init__ -> None
[2025-09-19 11:10:13] INFO: RETURN TurnManager.tas_at -> True
[2025-09-19 11:10:13] INFO: RETURN Game.tas_at -> True
[2025-09-19 11:10:13] INFO: CALL StatusBar.guncelle
[2025-09-19 11:10:13] INFO: RETURN StatusBar.guncelle -> None
[2025-09-19 11:10:13] INFO: AI 3 atılan taşı değerlendiriyor.
[2025-09-19 11:10:13] INFO: CALL AIPlayer.atilan_tasi_degerlendir
[2025-09-19 11:10:13] INFO: CALL eli_analiz_et
[2025-09-19 11:10:13] INFO: RETURN eli_analiz_et -> {'ciftler': [[sari_13_25, sari_13_26]], 'uc_taslilar': [[mavi_3_31, siyah_3_57, kirmizi_3_84]], 'dort_taslilar': [], 'seriler': [[mavi_1_28, mavi_2_29, mavi_3_31], [mavi_2_29, mavi_3_31, mavi_4_33], [mavi_3_31, mavi_4_33, mavi_5_35]], 'ikili_potansiyeller': {'seri': [(sari_13_25, sari_13_26), (mavi_1_28, mavi_2_29), (mavi_2_29, mavi_3_31), (mavi_3_31, mavi_4_33), (mavi_4_33, mavi_5_35), (mavi_5_35, mavi_7_40), (siyah_9_69, siyah_10_72), (kirmizi_2_81, kirmizi_3_84)], 'kut': [(sari_13_25, sari_13_26), (mavi_2_29, kirmizi_2_81)]}}
[2025-09-19 11:10:13] INFO: CALL seri_mu
[2025-09-19 11:10:13] INFO: RETURN seri_mu -> True
[2025-09-19 11:10:13] INFO: AI AI Oyuncu 4 görevi tamamlamak için atılan taşı alıyor: sari_13
[2025-09-19 11:10:13] INFO: RETURN AIPlayer.atilan_tasi_degerlendir -> True
[2025-09-19 11:10:13] INFO: CALL Game.atilan_tasi_al
[2025-09-19 11:10:13] INFO: CALL TurnManager.atilan_tasi_al
[2025-09-19 11:10:13] INFO: CALL Player.tas_al
[2025-09-19 11:10:13] INFO: CALL Player.el_sirala
[2025-09-19 11:10:13] INFO: RETURN Player.el_sirala -> None
[2025-09-19 11:10:13] INFO: RETURN Player.tas_al -> None
[2025-09-19 11:10:13] INFO: CALL AtilanTasDegerlendirici.asilin_sirasi
[2025-09-19 11:10:13] INFO: RETURN AtilanTasDegerlendirici.asilin_sirasi -> 3
[2025-09-19 11:10:13] INFO: CALL Game._sira_ilerlet
[2025-09-19 11:10:13] INFO: RETURN Game._sira_ilerlet -> None
[2025-09-19 11:10:13] INFO: CALL Player.el_sirala
[2025-09-19 11:10:13] INFO: RETURN Player.el_sirala -> None
[2025-09-19 11:10:13] INFO: RETURN TurnManager.atilan_tasi_al -> None
[2025-09-19 11:10:13] INFO: RETURN Game.atilan_tasi_al -> None
[2025-09-19 11:10:13] INFO: CALL StatusBar.guncelle
[2025-09-19 11:10:13] INFO: RETURN StatusBar.guncelle -> None
[2025-09-19 11:10:13] INFO: Sıra AI 3'de. Durum: NORMAL_TAS_ATMA
[2025-09-19 11:10:13] INFO: CALL AIPlayer.ai_el_ac_dene
[2025-09-19 11:10:13] INFO: CALL en_iyi_per_bul
[2025-09-19 11:10:13] INFO: CALL seri_mu
[2025-09-19 11:10:13] INFO: RETURN seri_mu -> True
[2025-09-19 11:10:13] INFO: RETURN en_iyi_per_bul -> [mavi_1_28, mavi_2_29, mavi_3_31]
[2025-09-19 11:10:13] INFO: RETURN AIPlayer.ai_el_ac_dene -> [28, 29, 31]
[2025-09-19 11:10:13] INFO: CALL Game.el_ac
[2025-09-19 11:10:13] INFO: CALL ActionManager.el_ac
[2025-09-19 11:10:13] INFO: CALL ActionManager._eli_ac_ve_isle
[2025-09-19 11:10:13] INFO: CALL seri_mu
[2025-09-19 11:10:13] INFO: RETURN seri_mu -> True
[2025-09-19 11:10:13] INFO: CALL Player.tas_at
[2025-09-19 11:10:13] INFO: CALL Player.el_sirala
[2025-09-19 11:10:13] INFO: RETURN Player.el_sirala -> None
[2025-09-19 11:10:13] INFO: RETURN Player.tas_at -> mavi_1_28
[2025-09-19 11:10:13] INFO: CALL Player.tas_at
[2025-09-19 11:10:13] INFO: CALL Player.el_sirala
[2025-09-19 11:10:13] INFO: RETURN Player.el_sirala -> None
[2025-09-19 11:10:13] INFO: RETURN Player.tas_at -> mavi_2_29
[2025-09-19 11:10:13] INFO: CALL Player.tas_at
[2025-09-19 11:10:13] INFO: CALL Player.el_sirala
[2025-09-19 11:10:13] INFO: RETURN Player.el_sirala -> None
[2025-09-19 11:10:13] INFO: RETURN Player.tas_at -> mavi_3_31
[2025-09-19 11:10:13] INFO: CALL Game._per_sirala
[2025-09-19 11:10:13] INFO: CALL Rules._per_seri_mu
[2025-09-19 11:10:13] INFO: RETURN Rules._per_seri_mu -> True
[2025-09-19 11:10:13] INFO: RETURN Game._per_sirala -> None
[2025-09-19 11:10:13] INFO: CALL Player.el_sirala
[2025-09-19 11:10:13] INFO: RETURN Player.el_sirala -> None
[2025-09-19 11:10:13] INFO: RETURN ActionManager._eli_ac_ve_isle -> {'status': 'success'}
[2025-09-19 11:10:13] INFO: RETURN ActionManager.el_ac -> {'status': 'success'}
[2025-09-19 11:10:13] INFO: RETURN Game.el_ac -> {'status': 'success'}
[2025-09-19 11:10:13] INFO: CALL StatusBar.guncelle
[2025-09-19 11:10:13] INFO: RETURN StatusBar.guncelle -> None
[2025-09-19 11:10:13] INFO: CALL AIPlayer.karar_ver_ve_at
[2025-09-19 11:10:13] INFO: CALL eli_analiz_et
[2025-09-19 11:10:13] INFO: RETURN eli_analiz_et -> {'ciftler': [[sari_13_25, sari_13_26]], 'uc_taslilar': [], 'dort_taslilar': [], 'seriler': [], 'ikili_potansiyeller': {'seri': [(sari_13_25, sari_13_26), (mavi_4_33, mavi_5_35), (mavi_5_35, mavi_7_40), (siyah_9_69, siyah_10_72), (kirmizi_2_81, kirmizi_3_84)], 'kut': [(sari_13_25, sari_13_26), (siyah_3_57, kirmizi_3_84)]}}
[2025-09-19 11:10:13] INFO: CALL en_akilli_ati_bul
[2025-09-19 11:10:13] INFO: RETURN en_akilli_ati_bul -> siyah_10_72
[2025-09-19 11:10:13] INFO: RETURN AIPlayer.karar_ver_ve_at -> siyah_10_72
[2025-09-19 11:10:13] INFO: CALL Game.tas_at
[2025-09-19 11:10:13] INFO: CALL TurnManager.tas_at
[2025-09-19 11:10:13] INFO: CALL Player.tas_at
[2025-09-19 11:10:13] INFO: CALL Player.el_sirala
[2025-09-19 11:10:13] INFO: RETURN Player.el_sirala -> None
[2025-09-19 11:10:13] INFO: RETURN Player.tas_at -> siyah_10_72
[2025-09-19 11:10:13] INFO: CALL AtilanTasDegerlendirici.__init__
[2025-09-19 11:10:13] INFO: RETURN AtilanTasDegerlendirici.__init__ -> None
[2025-09-19 11:10:13] INFO: RETURN TurnManager.tas_at -> True
[2025-09-19 11:10:13] INFO: RETURN Game.tas_at -> True
[2025-09-19 11:10:13] INFO: CALL StatusBar.guncelle
[2025-09-19 11:10:13] INFO: RETURN StatusBar.guncelle -> None
[2025-09-19 11:10:17] INFO: CALL ButtonManager.gec
[2025-09-19 11:10:17] INFO: CALL Game.atilan_tasi_gecti
[2025-09-19 11:10:17] INFO: CALL TurnManager.atilan_tasi_gecti
[2025-09-19 11:10:17] INFO: CALL AtilanTasDegerlendirici.bir_sonraki
[2025-09-19 11:10:17] INFO: RETURN AtilanTasDegerlendirici.bir_sonraki -> None
[2025-09-19 11:10:17] INFO: CALL AtilanTasDegerlendirici.herkes_gecti_mi
[2025-09-19 11:10:17] INFO: RETURN AtilanTasDegerlendirici.herkes_gecti_mi -> False
[2025-09-19 11:10:17] INFO: RETURN TurnManager.atilan_tasi_gecti -> None
[2025-09-19 11:10:17] INFO: RETURN Game.atilan_tasi_gecti -> None
[2025-09-19 11:10:17] INFO: CALL StatusBar.guncelle
[2025-09-19 11:10:17] INFO: RETURN StatusBar.guncelle -> None
[2025-09-19 11:10:17] INFO: RETURN ButtonManager.gec -> None
[2025-09-19 11:10:17] INFO: AI 1 atılan taşı değerlendiriyor.
[2025-09-19 11:10:17] INFO: CALL AIPlayer.atilan_tasi_degerlendir
[2025-09-19 11:10:17] INFO: CALL eli_analiz_et
[2025-09-19 11:10:17] INFO: RETURN eli_analiz_et -> {'ciftler': [[sari_11_22, sari_11_21]], 'uc_taslilar': [], 'dort_taslilar': [], 'seriler': [], 'ikili_potansiyeller': {'seri': [(sari_11_22, sari_11_21), (siyah_10_72, siyah_12_76), (kirmizi_1_80, kirmizi_3_83), (kirmizi_3_83, kirmizi_5_87)], 'kut': [(siyah_1_54, kirmizi_1_80)]}}
[2025-09-19 11:10:17] INFO: AI AI Oyuncu 2 potansiyel per oluşturmak için atılan taşı alıyor: siyah_10
[2025-09-19 11:10:17] INFO: RETURN AIPlayer.atilan_tasi_degerlendir -> True
[2025-09-19 11:10:17] INFO: CALL Game.atilan_tasi_al
[2025-09-19 11:10:17] INFO: CALL TurnManager.atilan_tasi_al
[2025-09-19 11:10:17] INFO: CALL Player.tas_al
[2025-09-19 11:10:17] INFO: CALL Player.el_sirala
[2025-09-19 11:10:17] INFO: RETURN Player.el_sirala -> None
[2025-09-19 11:10:17] INFO: RETURN Player.tas_al -> None
[2025-09-19 11:10:17] INFO: CALL AtilanTasDegerlendirici.asilin_sirasi
[2025-09-19 11:10:17] INFO: RETURN AtilanTasDegerlendirici.asilin_sirasi -> 0
[2025-09-19 11:10:17] INFO: CALL Deck.tas_cek
[2025-09-19 11:10:17] INFO: RETURN Deck.tas_cek -> kirmizi_8_93
[2025-09-19 11:10:17] INFO: CALL Player.tas_al
[2025-09-19 11:10:17] INFO: CALL Player.el_sirala
[2025-09-19 11:10:17] INFO: RETURN Player.el_sirala -> None
[2025-09-19 11:10:17] INFO: RETURN Player.tas_al -> None
[2025-09-19 11:10:17] INFO: CALL Game._sira_ilerlet
[2025-09-19 11:10:17] INFO: Yeni tura geçildi: Tur 2
[2025-09-19 11:10:17] INFO: RETURN Game._sira_ilerlet -> None
[2025-09-19 11:10:17] INFO: CALL Player.el_sirala
[2025-09-19 11:10:17] INFO: RETURN Player.el_sirala -> None
[2025-09-19 11:10:17] INFO: RETURN TurnManager.atilan_tasi_al -> None
[2025-09-19 11:10:17] INFO: RETURN Game.atilan_tasi_al -> None
[2025-09-19 11:10:17] INFO: CALL StatusBar.guncelle
[2025-09-19 11:10:17] INFO: RETURN StatusBar.guncelle -> None
[2025-09-19 11:10:18] INFO: CALL ButtonManager.desteden_cek
[2025-09-19 11:10:18] INFO: CALL Game.desteden_cek
[2025-09-19 11:10:18] INFO: CALL TurnManager.desteden_cek
[2025-09-19 11:10:18] INFO: CALL Deck.tas_cek
[2025-09-19 11:10:18] INFO: RETURN Deck.tas_cek -> mavi_13_52
[2025-09-19 11:10:18] INFO: CALL Player.tas_al
[2025-09-19 11:10:18] INFO: CALL Player.el_sirala
[2025-09-19 11:10:18] INFO: RETURN Player.el_sirala -> None
[2025-09-19 11:10:18] INFO: RETURN Player.tas_al -> None
[2025-09-19 11:10:18] INFO: CALL Player.el_sirala
[2025-09-19 11:10:18] INFO: RETURN Player.el_sirala -> None
[2025-09-19 11:10:18] INFO: RETURN TurnManager.desteden_cek -> True
[2025-09-19 11:10:18] INFO: RETURN Game.desteden_cek -> True
[2025-09-19 11:10:18] INFO: CALL StatusBar.guncelle
[2025-09-19 11:10:18] INFO: RETURN StatusBar.guncelle -> None
[2025-09-19 11:10:18] INFO: RETURN ButtonManager.desteden_cek -> None
[2025-09-19 11:10:19] INFO: CALL Arayuz.tas_sec
[2025-09-19 11:10:19] INFO: CALL StatusBar.guncelle
[2025-09-19 11:10:19] INFO: RETURN StatusBar.guncelle -> None
[2025-09-19 11:10:19] INFO: RETURN Arayuz.tas_sec -> None
[2025-09-19 11:10:20] INFO: CALL Arayuz.tas_sec
[2025-09-19 11:10:20] INFO: CALL StatusBar.guncelle
[2025-09-19 11:10:20] INFO: RETURN StatusBar.guncelle -> None
[2025-09-19 11:10:20] INFO: RETURN Arayuz.tas_sec -> None
[2025-09-19 11:10:21] INFO: CALL Arayuz.tas_sec
[2025-09-19 11:10:21] INFO: CALL StatusBar.guncelle
[2025-09-19 11:10:21] INFO: RETURN StatusBar.guncelle -> None
[2025-09-19 11:10:21] INFO: RETURN Arayuz.tas_sec -> None
[2025-09-19 11:10:23] INFO: CALL ButtonManager.el_ac
[2025-09-19 11:10:23] INFO: CALL Game.el_ac
[2025-09-19 11:10:23] INFO: CALL ActionManager.el_ac
[2025-09-19 11:10:23] INFO: CALL JokerManager.el_ac_joker_kontrolu
[2025-09-19 11:10:23] INFO: CALL JokerManager.joker_icin_olasi_taslar
[2025-09-19 11:10:23] INFO: CALL Tile.__init__
[2025-09-19 11:10:23] INFO: RETURN Tile.__init__ -> None
[2025-09-19 11:10:23] INFO: RETURN JokerManager.joker_icin_olasi_taslar -> [mavi_11_107]
[2025-09-19 11:10:23] INFO: RETURN JokerManager.el_ac_joker_kontrolu -> {'status': 'joker_choice_needed', 'options': [mavi_11_107], 'joker': Joker(106), 'secilen_taslar': [mavi_12_49, mavi_13_52, Joker(106)]}
[2025-09-19 11:10:23] INFO: RETURN ActionManager.el_ac -> {'status': 'joker_choice_needed', 'options': [mavi_11_107], 'joker': Joker(106), 'secilen_taslar': [mavi_12_49, mavi_13_52, Joker(106)]}
[2025-09-19 11:10:23] INFO: RETURN Game.el_ac -> {'status': 'joker_choice_needed', 'options': [mavi_11_107], 'joker': Joker(106), 'secilen_taslar': [mavi_12_49, mavi_13_52, Joker(106)]}
[2025-09-19 11:10:23] INFO: CALL Arayuz.joker_secim_penceresi_ac
[2025-09-19 11:10:23] INFO: RETURN Arayuz.joker_secim_penceresi_ac -> None
[2025-09-19 11:10:23] INFO: CALL StatusBar.guncelle
[2025-09-19 11:10:23] INFO: RETURN StatusBar.guncelle -> None
[2025-09-19 11:10:23] INFO: RETURN ButtonManager.el_ac -> None
[2025-09-19 11:10:24] INFO: CALL Arayuz.joker_secildi
[2025-09-19 11:10:24] INFO: CALL Game.el_ac_joker_ile
[2025-09-19 11:10:24] INFO: CALL ActionManager._eli_ac_ve_isle
[2025-09-19 11:10:24] INFO: CALL seri_mu
[2025-09-19 11:10:24] INFO: RETURN seri_mu -> True
[2025-09-19 11:10:24] INFO: CALL Player.tas_at
[2025-09-19 11:10:24] INFO: CALL Player.el_sirala
[2025-09-19 11:10:24] INFO: RETURN Player.el_sirala -> None
[2025-09-19 11:10:24] INFO: RETURN Player.tas_at -> mavi_12_49
[2025-09-19 11:10:24] INFO: CALL Player.tas_at
[2025-09-19 11:10:24] INFO: CALL Player.el_sirala
[2025-09-19 11:10:24] INFO: RETURN Player.el_sirala -> None
[2025-09-19 11:10:24] INFO: RETURN Player.tas_at -> mavi_13_52
[2025-09-19 11:10:24] INFO: CALL Player.tas_at
[2025-09-19 11:10:24] INFO: CALL Player.el_sirala
[2025-09-19 11:10:24] INFO: RETURN Player.el_sirala -> None
[2025-09-19 11:10:24] INFO: RETURN Player.tas_at -> Joker(106)
[2025-09-19 11:10:24] INFO: CALL Game._per_sirala
[2025-09-19 11:10:24] INFO: CALL Rules._per_seri_mu
[2025-09-19 11:10:24] INFO: RETURN Rules._per_seri_mu -> False
[2025-09-19 11:10:24] INFO: RETURN Game._per_sirala -> None
[2025-09-19 11:10:24] INFO: CALL Player.el_sirala
[2025-09-19 11:10:24] INFO: RETURN Player.el_sirala -> None
[2025-09-19 11:10:24] INFO: RETURN ActionManager._eli_ac_ve_isle -> {'status': 'success'}
[2025-09-19 11:10:24] INFO: RETURN Game.el_ac_joker_ile -> {'status': 'success'}
[2025-09-19 11:10:24] INFO: CALL StatusBar.guncelle
[2025-09-19 11:10:24] INFO: RETURN StatusBar.guncelle -> None
[2025-09-19 11:10:24] INFO: RETURN Arayuz.joker_secildi -> None
